\BOOKMARK [0][-]{chapter*.1}{\376\377\000R\000e\000m\000e\000r\000c\000i\000e\000m\000e\000n\000t\000s}{}% 1
\BOOKMARK [0][-]{chapter*.3}{\376\377\000L\000i\000s\000t\000e\000\040\000d\000e\000s\000\040\000f\000i\000g\000u\000r\000e\000s}{}% 2
\BOOKMARK [0][-]{chapter*.4}{\376\377\000L\000i\000s\000t\000e\000\040\000d\000e\000s\000\040\000t\000a\000b\000l\000e\000a\000u\000x}{}% 3
\BOOKMARK [0][-]{chapter*.5}{\376\377\000L\000i\000s\000t\000e\000\040\000d\000e\000s\000\040\000c\000o\000d\000e\000s\000\040\000s\000o\000u\000r\000c\000e}{}% 4
\BOOKMARK [0][-]{chapter*.6}{\376\377\000I\000n\000t\000r\000o\000d\000u\000c\000t\000i\000o\000n\000\040\000G\000\351\000n\000\351\000r\000a\000l\000e}{}% 5
\BOOKMARK [-1][-]{part.1}{\376\377\000I\000\040\000F\000o\000n\000d\000e\000m\000e\000n\000t\000s\000\040\000T\000h\000\351\000o\000r\000i\000q\000u\000e\000s\000\040\000e\000t\000\040\000M\000\351\000t\000h\000o\000d\000o\000l\000o\000g\000i\000q\000u\000e\000s}{}% 6
\BOOKMARK [0][-]{chapter.1}{\376\377\0001\000\040\000C\000a\000s\000\040\000P\000r\000a\000t\000i\000q\000u\000e\000\040\000F\000i\000l\000\040\000R\000o\000u\000g\000e\000\040\000:\000\040\000E\000n\000t\000r\000e\000p\000r\000i\000s\000e\000\040\000L\000i\000Z\000b\000i\000Z}{part.1}% 7
\BOOKMARK [1][-]{section.1.1}{\376\377\0001\000.\0001\000\040\000I\000d\000e\000n\000t\000i\000t\000\351\000\040\000e\000t\000\040\000C\000o\000n\000t\000e\000x\000t\000e\000\040\000d\000e\000\040\000l\000'\000E\000n\000t\000r\000e\000p\000r\000i\000s\000e}{chapter.1}% 8
\BOOKMARK [2][-]{subsection.1.1.1}{\376\377\0001\000.\0001\000.\0001\000\040\000P\000r\000\351\000s\000e\000n\000t\000a\000t\000i\000o\000n\000\040\000G\000\351\000n\000\351\000r\000a\000l\000e}{section.1.1}% 9
\BOOKMARK [2][-]{subsection.1.1.2}{\376\377\0001\000.\0001\000.\0002\000\040\000C\000o\000n\000t\000e\000x\000t\000e\000\040\000S\000t\000r\000a\000t\000\351\000g\000i\000q\000u\000e\000\040\000e\000t\000\040\000E\000n\000j\000e\000u\000x}{section.1.1}% 10
\BOOKMARK [1][-]{section.1.2}{\376\377\0001\000.\0002\000\040\000L\000e\000\040\000S\000y\000s\000t\000\350\000m\000e\000\040\000d\000'\000I\000n\000f\000o\000r\000m\000a\000t\000i\000o\000n\000\040\000:\000\040\000P\000\351\000r\000i\000m\000\350\000t\000r\000e\000\040\000d\000e\000\040\000l\000'\000A\000u\000d\000i\000t}{chapter.1}% 11
\BOOKMARK [2][-]{subsection.1.2.1}{\376\377\0001\000.\0002\000.\0001\000\040\000L\000'\000A\000p\000p\000l\000i\000c\000a\000t\000i\000o\000n\000\040\000"\000A\000P\000P\000L\000I\000C\000A\000T\000I\000O\000N\000"}{section.1.2}% 12
\BOOKMARK [2][-]{subsection.1.2.2}{\376\377\0001\000.\0002\000.\0002\000\040\000A\000r\000c\000h\000i\000t\000e\000c\000t\000u\000r\000e\000\040\000T\000e\000c\000h\000n\000i\000q\000u\000e\000\040\000\050\000S\000i\000m\000p\000l\000i\000f\000i\000\351\000e\000\051}{section.1.2}% 13
\BOOKMARK [1][-]{section.1.3}{\376\377\0001\000.\0003\000\040\000L\000e\000\040\000M\000a\000n\000d\000a\000t\000\040\000d\000'\000A\000u\000d\000i\000t}{chapter.1}% 14
\BOOKMARK [2][-]{subsection.1.3.1}{\376\377\0001\000.\0003\000.\0001\000\040\000O\000r\000i\000g\000i\000n\000e\000\040\000d\000e\000\040\000l\000a\000\040\000M\000i\000s\000s\000i\000o\000n}{section.1.3}% 15
\BOOKMARK [2][-]{subsection.1.3.2}{\376\377\0001\000.\0003\000.\0002\000\040\000O\000b\000j\000e\000c\000t\000i\000f\000s\000\040\000d\000e\000\040\000l\000a\000\040\000M\000i\000s\000s\000i\000o\000n}{section.1.3}% 16
\BOOKMARK [2][-]{subsection.1.3.3}{\376\377\0001\000.\0003\000.\0003\000\040\000O\000r\000g\000a\000n\000i\000s\000a\000t\000i\000o\000n\000\040\000d\000e\000\040\000l\000'\000\311\000q\000u\000i\000p\000e\000\040\000\050\000R\000A\000C\000I\000\051}{section.1.3}% 17
\BOOKMARK [1][-]{section.1.4}{\376\377\0001\000.\0004\000\040\000E\000n\000v\000i\000r\000o\000n\000n\000e\000m\000e\000n\000t\000\040\000d\000e\000\040\000L\000a\000b\000o\000r\000a\000t\000o\000i\000r\000e\000\040\000\050\000I\000m\000m\000e\000r\000s\000i\000o\000n\000\051}{chapter.1}% 18
\BOOKMARK [2][-]{subsection.1.4.1}{\376\377\0001\000.\0004\000.\0001\000\040\000T\000r\000a\000v\000a\000u\000x\000\040\000P\000r\000a\000t\000i\000q\000u\000e\000s\000\040\000P\000r\000\351\000p\000a\000r\000a\000t\000o\000i\000r\000e\000s}{section.1.4}% 19
\BOOKMARK [0][-]{chapter.2}{\376\377\0002\000\040\000D\000\351\000f\000i\000n\000i\000t\000i\000o\000n\000s\000,\000\040\000C\000o\000n\000c\000e\000p\000t\000s\000\040\000e\000t\000\040\000B\000a\000s\000e\000s\000\040\000d\000e\000\040\000l\000'\000A\000u\000d\000i\000t\000\040\000e\000t\000\040\000d\000u\000\040\000C\000o\000n\000t\000r\000\364\000l\000e}{part.1}% 20
\BOOKMARK [1][-]{section.2.1}{\376\377\0002\000.\0001\000\040\000D\000\351\000f\000i\000n\000i\000t\000i\000o\000n\000s\000,\000\040\000C\000o\000n\000c\000e\000p\000t\000s\000\040\000e\000t\000\040\000B\000a\000s\000e\000s\000\040\000d\000e\000\040\000l\000'\000A\000u\000d\000i\000t\000\040\000e\000t\000\040\000d\000u\000\040\000C\000o\000n\000t\000r\000\364\000l\000e}{chapter.2}% 21
\BOOKMARK [2][-]{subsection.2.1.1}{\376\377\0002\000.\0001\000.\0001\000\040\000L\000e\000s\000\040\000D\000i\000f\000f\000\351\000r\000e\000n\000c\000e\000s\000\040\000e\000n\000t\000r\000e\000\040\000l\000'\000A\000u\000d\000i\000t\000\040\000e\000t\000\040\000l\000e\000\040\000C\000o\000n\000t\000r\000\364\000l\000e}{section.2.1}% 22
\BOOKMARK [2][-]{subsection.2.1.2}{\376\377\0002\000.\0001\000.\0002\000\040\000L\000'\000A\000s\000s\000u\000r\000a\000n\000c\000e\000\040\000R\000a\000i\000s\000o\000n\000n\000a\000b\000l\000e}{section.2.1}% 23
\BOOKMARK [2][-]{subsection.2.1.3}{\376\377\0002\000.\0001\000.\0003\000\040\000L\000e\000s\000\040\000R\000i\000s\000q\000u\000e\000s}{section.2.1}% 24
\BOOKMARK [3][-]{subsubsection.2.1.3.1}{\376\377\0002\000.\0001\000.\0003\000.\0001\000\040\000D\000\351\000f\000i\000n\000i\000t\000i\000o\000n\000\040\000A\000c\000a\000d\000\351\000m\000i\000q\000u\000e\000\040\000d\000u\000\040\000R\000i\000s\000q\000u\000e}{subsection.2.1.3}% 25
\BOOKMARK [3][-]{subsubsection.2.1.3.2}{\376\377\0002\000.\0001\000.\0003\000.\0002\000\040\000G\000\351\000n\000\351\000r\000a\000l\000i\000t\000\351\000s\000\040\000s\000u\000r\000\040\000l\000e\000s\000\040\000R\000i\000s\000q\000u\000e\000s}{subsection.2.1.3}% 26
\BOOKMARK [3][-]{subsubsection.2.1.3.3}{\376\377\0002\000.\0001\000.\0003\000.\0003\000\040\000T\000r\000a\000i\000t\000e\000m\000e\000n\000t\000\040\000d\000u\000\040\000R\000i\000s\000q\000u\000e}{subsection.2.1.3}% 27
\BOOKMARK [3][-]{subsubsection.2.1.3.4}{\376\377\0002\000.\0001\000.\0003\000.\0004\000\040\000P\000r\000i\000n\000c\000i\000p\000a\000u\000x\000\040\000G\000r\000o\000u\000p\000e\000s\000\040\000d\000e\000\040\000R\000i\000s\000q\000u\000e\000s\000\040\000I\000n\000f\000o\000r\000m\000a\000t\000i\000q\000u\000e\000s}{subsection.2.1.3}% 28
\BOOKMARK [3][-]{subsubsection.2.1.3.5}{\376\377\0002\000.\0001\000.\0003\000.\0005\000\040\000R\000i\000s\000q\000u\000e\000s\000\040\000e\000n\000\040\000A\000u\000d\000i\000t}{subsection.2.1.3}% 29
\BOOKMARK [3][-]{subsubsection.2.1.3.6}{\376\377\0002\000.\0001\000.\0003\000.\0006\000\040\000L\000a\000\040\000M\000a\000t\000r\000i\000c\000e\000\040\000d\000e\000s\000\040\000R\000i\000s\000q\000u\000e\000s}{subsection.2.1.3}% 30
\BOOKMARK [2][-]{subsection.2.1.4}{\376\377\0002\000.\0001\000.\0004\000\040\000L\000e\000\040\000C\000o\000n\000t\000r\000\364\000l\000e\000\040\000I\000n\000t\000e\000r\000n\000e}{section.2.1}% 31
\BOOKMARK [3][-]{subsubsection.2.1.4.1}{\376\377\0002\000.\0001\000.\0004\000.\0001\000\040\000D\000\351\000f\000i\000n\000i\000t\000i\000o\000n\000\040\000d\000u\000\040\000C\000o\000n\000t\000r\000\364\000l\000e\000\040\000I\000n\000t\000e\000r\000n\000e}{subsection.2.1.4}% 32
\BOOKMARK [3][-]{subsubsection.2.1.4.2}{\376\377\0002\000.\0001\000.\0004\000.\0002\000\040\000G\000\351\000n\000\351\000r\000a\000l\000i\000t\000\351\000s\000\040\000s\000u\000r\000\040\000l\000e\000\040\000C\000o\000n\000t\000r\000\364\000l\000e\000\040\000I\000n\000t\000e\000r\000n\000e}{subsection.2.1.4}% 33
\BOOKMARK [3][-]{subsubsection.2.1.4.3}{\376\377\0002\000.\0001\000.\0004\000.\0003\000\040\000\311\000v\000a\000l\000u\000a\000t\000i\000o\000n\000\040\000d\000u\000\040\000S\000y\000s\000t\000\350\000m\000e\000\040\000d\000e\000\040\000C\000o\000n\000t\000r\000\364\000l\000e\000\040\000I\000n\000t\000e\000r\000n\000e}{subsection.2.1.4}% 34
\BOOKMARK [2][-]{subsection.2.1.5}{\376\377\0002\000.\0001\000.\0005\000\040\000L\000a\000\040\000R\000\350\000g\000l\000e\000\040\000d\000e\000s\000\040\000Q\000u\000a\000t\000r\000e\000\040\000Y\000e\000u\000x}{section.2.1}% 35
\BOOKMARK [2][-]{subsection.2.1.6}{\376\377\0002\000.\0001\000.\0006\000\040\000L\000'\000A\000l\000l\000\351\000g\000o\000r\000i\000e\000\040\000d\000e\000s\000\040\000D\000e\000u\000x\000\040\000M\000a\000i\000n\000s}{section.2.1}% 36
\BOOKMARK [2][-]{subsection.2.1.7}{\376\377\0002\000.\0001\000.\0007\000\040\000L\000e\000s\000\040\000T\000r\000o\000i\000s\000\040\000P\000i\000l\000i\000e\000r\000s\000\040\000d\000e\000\040\000l\000'\000A\000u\000d\000i\000t\000\040\000I\000n\000t\000e\000r\000n\000e}{section.2.1}% 37
\BOOKMARK [2][-]{subsection.2.1.8}{\376\377\0002\000.\0001\000.\0008\000\040\000P\000o\000i\000n\000t\000\040\000d\000e\000\040\000C\000o\000n\000t\000r\000\364\000l\000e}{section.2.1}% 38
\BOOKMARK [2][-]{subsection.2.1.9}{\376\377\0002\000.\0001\000.\0009\000\040\000O\000b\000j\000e\000c\000t\000i\000f\000\040\000d\000e\000\040\000C\000o\000n\000t\000r\000\364\000l\000e}{section.2.1}% 39
\BOOKMARK [2][-]{subsection.2.1.10}{\376\377\0002\000.\0001\000.\0001\0000\000\040\000C\000r\000i\000t\000\350\000r\000e\000\040\000d\000'\000\311\000v\000a\000l\000u\000a\000t\000i\000o\000n}{section.2.1}% 40
\BOOKMARK [2][-]{subsection.2.1.11}{\376\377\0002\000.\0001\000.\0001\0001\000\040\000Q\000u\000e\000s\000t\000i\000o\000n\000\040\000d\000'\000\311\000v\000a\000l\000u\000a\000t\000i\000o\000n}{section.2.1}% 41
\BOOKMARK [2][-]{subsection.2.1.12}{\376\377\0002\000.\0001\000.\0001\0002\000\040\000C\000o\000n\000s\000t\000a\000t\000a\000t\000i\000o\000n\000\040\000d\000'\000A\000u\000d\000i\000t}{section.2.1}% 42
\BOOKMARK [3][-]{subsubsection.2.1.12.1}{\376\377\0002\000.\0001\000.\0001\0002\000.\0001\000\040\000D\000\351\000f\000i\000n\000i\000t\000i\000o\000n\000s}{subsection.2.1.12}% 43
\BOOKMARK [3][-]{subsubsection.2.1.12.2}{\376\377\0002\000.\0001\000.\0001\0002\000.\0002\000\040\000E\000x\000e\000m\000p\000l\000e\000s}{subsection.2.1.12}% 44
\BOOKMARK [2][-]{subsection.2.1.13}{\376\377\0002\000.\0001\000.\0001\0003\000\040\000L\000e\000\040\000C\000o\000n\000t\000r\000a\000d\000i\000c\000t\000o\000i\000r\000e}{section.2.1}% 45
\BOOKMARK [2][-]{subsection.2.1.14}{\376\377\0002\000.\0001\000.\0001\0004\000\040\000L\000e\000s\000\040\000O\000b\000s\000e\000r\000v\000a\000t\000i\000o\000n\000s}{section.2.1}% 46
\BOOKMARK [2][-]{subsection.2.1.15}{\376\377\0002\000.\0001\000.\0001\0005\000\040\000S\000u\000r\000\040\000P\000l\000a\000c\000e\000\040\000e\000t\000\040\000S\000u\000r\000\040\000P\000i\000\350\000c\000e\000s}{section.2.1}% 47
\BOOKMARK [2][-]{subsection.2.1.16}{\376\377\0002\000.\0001\000.\0001\0006\000\040\000L\000'\000A\000v\000e\000u\000\040\000d\000e\000\040\000C\000a\000r\000e\000n\000c\000e}{section.2.1}% 48
\BOOKMARK [1][-]{section.2.2}{\376\377\0002\000.\0002\000\040\000D\000\351\000f\000i\000n\000i\000t\000i\000o\000n\000s\000,\000\040\000C\000o\000n\000c\000e\000p\000t\000s\000\040\000e\000t\000\040\000B\000a\000s\000e\000s\000\040\000d\000e\000s\000\040\000S\000y\000s\000t\000\350\000m\000e\000s\000\040\000d\000'\000I\000n\000f\000o\000r\000m\000a\000t\000i\000o\000n}{chapter.2}% 49
\BOOKMARK [2][-]{subsection.2.2.1}{\376\377\0002\000.\0002\000.\0001\000\040\000N\000o\000t\000i\000o\000n\000\040\000d\000e\000\040\000S\000y\000s\000t\000\350\000m\000e}{section.2.2}% 50
\BOOKMARK [2][-]{subsection.2.2.2}{\376\377\0002\000.\0002\000.\0002\000\040\000L\000e\000s\000\040\000S\000y\000s\000t\000\350\000m\000e\000s\000\040\000d\000'\000I\000n\000f\000o\000r\000m\000a\000t\000i\000o\000n}{section.2.2}% 51
\BOOKMARK [3][-]{subsubsection.2.2.2.1}{\376\377\0002\000.\0002\000.\0002\000.\0001\000\040\000S\000y\000s\000t\000\350\000m\000e\000\040\000I\000n\000f\000o\000r\000m\000a\000t\000i\000q\000u\000e}{subsection.2.2.2}% 52
\BOOKMARK [3][-]{subsubsection.2.2.2.2}{\376\377\0002\000.\0002\000.\0002\000.\0002\000\040\000S\000y\000s\000t\000\350\000m\000e\000\040\000d\000'\000I\000n\000f\000o\000r\000m\000a\000t\000i\000o\000n}{subsection.2.2.2}% 53
\BOOKMARK [3][-]{subsubsection.2.2.2.3}{\376\377\0002\000.\0002\000.\0002\000.\0003\000\040\000F\000o\000n\000c\000t\000i\000o\000n\000\040\000I\000n\000f\000o\000r\000m\000a\000t\000i\000q\000u\000e}{subsection.2.2.2}% 54
\BOOKMARK [3][-]{subsubsection.2.2.2.4}{\376\377\0002\000.\0002\000.\0002\000.\0004\000\040\000F\000o\000n\000c\000t\000i\000o\000n\000\040\000d\000'\000I\000n\000f\000o\000r\000m\000a\000t\000i\000o\000n}{subsection.2.2.2}% 55
\BOOKMARK [3][-]{subsubsection.2.2.2.5}{\376\377\0002\000.\0002\000.\0002\000.\0005\000\040\000P\000r\000o\000b\000l\000\350\000m\000e\000s\000\040\000I\000n\000h\000\351\000r\000e\000n\000t\000s\000\040\000a\000u\000x\000\040\000S\000I}{subsection.2.2.2}% 56
\BOOKMARK [3][-]{subsubsection.2.2.2.6}{\376\377\0002\000.\0002\000.\0002\000.\0006\000\040\000I\000n\000f\000o\000r\000m\000a\000t\000i\000s\000a\000t\000i\000o\000n\000\040\000d\000e\000s\000\040\000S\000I}{subsection.2.2.2}% 57
\BOOKMARK [3][-]{subsubsection.2.2.2.7}{\376\377\0002\000.\0002\000.\0002\000.\0007\000\040\000T\000y\000p\000e\000s\000\040\000d\000e\000\040\000M\000i\000g\000r\000a\000t\000i\000o\000n\000/\000C\000h\000a\000n\000g\000e\000m\000e\000n\000t\000\040\000d\000e\000\040\000S\000I}{subsection.2.2.2}% 58
\BOOKMARK [2][-]{subsection.2.2.3}{\376\377\0002\000.\0002\000.\0003\000\040\000S\000y\000s\000t\000\350\000m\000e\000\040\000d\000'\000E\000x\000p\000l\000o\000i\000t\000a\000t\000i\000o\000n}{section.2.2}% 59
\BOOKMARK [2][-]{subsection.2.2.4}{\376\377\0002\000.\0002\000.\0004\000\040\000S\000y\000s\000t\000\350\000m\000e\000\040\000d\000e\000\040\000F\000i\000c\000h\000i\000e\000r}{section.2.2}% 60
\BOOKMARK [2][-]{subsection.2.2.5}{\376\377\0002\000.\0002\000.\0005\000\040\000F\000i\000c\000h\000i\000e\000r\000s}{section.2.2}% 61
\BOOKMARK [2][-]{subsection.2.2.6}{\376\377\0002\000.\0002\000.\0006\000\040\000B\000a\000s\000e\000\040\000d\000e\000\040\000D\000o\000n\000n\000\351\000e\000s}{section.2.2}% 62
\BOOKMARK [2][-]{subsection.2.2.7}{\376\377\0002\000.\0002\000.\0007\000\040\000R\000\351\000s\000e\000a\000u\000\040\000I\000n\000f\000o\000r\000m\000a\000t\000i\000q\000u\000e}{section.2.2}% 63
\BOOKMARK [2][-]{subsection.2.2.8}{\376\377\0002\000.\0002\000.\0008\000\040\000S\000\351\000c\000u\000r\000i\000t\000\351\000\040\000I\000n\000f\000o\000r\000m\000a\000t\000i\000q\000u\000e}{section.2.2}% 64
\BOOKMARK [1][-]{section.2.3}{\376\377\0002\000.\0003\000\040\000L\000e\000s\000\040\000C\000o\000n\000t\000r\000\364\000l\000e\000s\000\040\000e\000n\000\040\000A\000u\000d\000i\000t\000\040\000d\000e\000s\000\040\000S\000y\000s\000t\000\350\000m\000e\000s\000\040\000d\000'\000I\000n\000f\000o\000r\000m\000a\000t\000i\000o\000n}{chapter.2}% 65
\BOOKMARK [2][-]{subsection.2.3.1}{\376\377\0002\000.\0003\000.\0001\000\040\000R\000\364\000l\000e}{section.2.3}% 66
\BOOKMARK [2][-]{subsection.2.3.2}{\376\377\0002\000.\0003\000.\0002\000\040\000L\000e\000s\000\040\000C\000o\000n\000t\000r\000\364\000l\000e\000s\000\040\000d\000a\000n\000s\000\040\000l\000e\000s\000\040\000S\000I}{section.2.3}% 67
\BOOKMARK [3][-]{subsubsection.2.3.2.1}{\376\377\0002\000.\0003\000.\0002\000.\0001\000\040\000C\000o\000n\000t\000r\000\364\000l\000e\000s\000\040\000G\000\351\000n\000\351\000r\000a\000u\000x}{subsection.2.3.2}% 68
\BOOKMARK [3][-]{subsubsection.2.3.2.2}{\376\377\0002\000.\0003\000.\0002\000.\0002\000\040\000C\000o\000n\000t\000r\000\364\000l\000e\000s\000\040\000d\000'\000A\000p\000p\000l\000i\000c\000a\000t\000i\000o\000n}{subsection.2.3.2}% 69
\BOOKMARK [3][-]{subsubsection.2.3.2.3}{\376\377\0002\000.\0003\000.\0002\000.\0003\000\040\000C\000o\000m\000p\000l\000\351\000m\000e\000n\000t\000a\000r\000i\000t\000\351\000\040\000e\000n\000t\000r\000e\000\040\000C\000o\000n\000t\000r\000\364\000l\000e\000s\000\040\000G\000\351\000n\000\351\000r\000a\000u\000x\000\040\000e\000t\000\040\000C\000o\000n\000t\000r\000\364\000l\000e\000s\000\040\000d\000'\000A\000p\000p\000l\000i\000c\000a\000t\000i\000o\000n}{subsection.2.3.2}% 70
\BOOKMARK [3][-]{subsubsection.2.3.2.4}{\376\377\0002\000.\0003\000.\0002\000.\0004\000\040\000D\000i\000v\000e\000r\000g\000e\000n\000c\000e\000s\000\040\000e\000n\000t\000r\000e\000\040\000C\000o\000n\000t\000r\000\364\000l\000e\000s\000\040\000G\000\351\000n\000\351\000r\000a\000u\000x\000\040\000e\000t\000\040\000C\000o\000n\000t\000r\000\364\000l\000e\000s\000\040\000d\000'\000A\000p\000p\000l\000i\000c\000a\000t\000i\000o\000n}{subsection.2.3.2}% 71
\BOOKMARK [0][-]{chapter.3}{\376\377\0003\000\040\000D\000\351\000m\000a\000r\000c\000h\000e\000\040\000G\000\351\000n\000\351\000r\000a\000l\000e\000\040\000d\000'\000A\000u\000d\000i\000t\000\040\000d\000e\000s\000\040\000S\000y\000s\000t\000\350\000m\000e\000s\000\040\000d\000'\000I\000n\000f\000o\000r\000m\000a\000t\000i\000o\000n}{part.1}% 72
\BOOKMARK [1][-]{section.3.1}{\376\377\0003\000.\0001\000\040\000L\000e\000\040\000C\000a\000d\000r\000e\000\040\000N\000o\000r\000m\000a\000t\000i\000f\000\040\000e\000t\000\040\000D\000\351\000o\000n\000t\000o\000l\000o\000g\000i\000q\000u\000e\000\040\000d\000e\000\040\000l\000a\000\040\000M\000i\000s\000s\000i\000o\000n}{chapter.3}% 73
\BOOKMARK [2][-]{subsection.3.1.1}{\376\377\0003\000.\0001\000.\0001\000\040\000L\000a\000\040\000R\000\351\000f\000\351\000r\000e\000n\000c\000e\000\040\000A\000b\000s\000o\000l\000u\000e\000\040\000:\000\040\000I\000S\000O\000\040\0001\0009\0000\0001\0001}{section.3.1}% 74
\BOOKMARK [3][-]{subsubsection.3.1.1.1}{\376\377\0003\000.\0001\000.\0001\000.\0001\000\040\000L\000e\000s\000\040\000P\000r\000i\000n\000c\000i\000p\000e\000s\000\040\000d\000e\000\040\000l\000'\000A\000u\000d\000i\000t\000\040\000\050\000C\000o\000m\000p\000o\000r\000t\000e\000m\000e\000n\000t\000\040\000d\000e\000\040\000l\000'\000A\000u\000d\000i\000t\000e\000u\000r\000\051}{subsection.3.1.1}% 75
\BOOKMARK [2][-]{subsection.3.1.2}{\376\377\0003\000.\0001\000.\0002\000\040\000L\000e\000\040\000R\000\351\000f\000\351\000r\000e\000n\000t\000i\000e\000l\000\040\000I\000F\000A\000C\000I\000\040\000\050\000I\000I\000A\000\051\000\040\000:\000\040\000L\000a\000\040\000C\000h\000a\000r\000t\000e\000\040\000d\000'\000A\000u\000d\000i\000t}{section.3.1}% 76
\BOOKMARK [1][-]{section.3.2}{\376\377\0003\000.\0002\000\040\000P\000h\000a\000s\000e\000\040\0001\000\040\000:\000\040\000T\000r\000a\000v\000a\000u\000x\000\040\000P\000r\000\351\000p\000a\000r\000a\000t\000o\000i\000r\000e\000s\000\040\000e\000t\000\040\000P\000l\000a\000n\000i\000f\000i\000c\000a\000t\000i\000o\000n}{chapter.3}% 77
\BOOKMARK [2][-]{subsection.3.2.1}{\376\377\0003\000.\0002\000.\0001\000\040\000D\000o\000c\000u\000m\000e\000n\000t\000s\000\040\000\340\000\040\000S\000o\000l\000l\000i\000c\000i\000t\000e\000r\000\040\000\050\000P\000r\000i\000s\000e\000\040\000d\000e\000\040\000C\000o\000n\000n\000a\000i\000s\000s\000a\000n\000c\000e\000\051}{section.3.2}% 78
\BOOKMARK [2][-]{subsection.3.2.2}{\376\377\0003\000.\0002\000.\0002\000\040\000A\000n\000a\000l\000y\000s\000e\000\040\000P\000r\000\351\000a\000l\000a\000b\000l\000e\000\040\000d\000e\000s\000\040\000R\000i\000s\000q\000u\000e\000s}{section.3.2}% 79
\BOOKMARK [2][-]{subsection.3.2.3}{\376\377\0003\000.\0002\000.\0003\000\040\000I\000d\000e\000n\000t\000i\000f\000i\000c\000a\000t\000i\000o\000n\000\040\000d\000e\000s\000\040\000R\000e\000s\000s\000o\000u\000r\000c\000e\000s}{section.3.2}% 80
\BOOKMARK [2][-]{subsection.3.2.4}{\376\377\0003\000.\0002\000.\0004\000\040\000L\000e\000\040\000R\000a\000p\000p\000o\000r\000t\000\040\000d\000'\000O\000r\000i\000e\000n\000t\000a\000t\000i\000o\000n\000\040\000\050\000o\000u\000\040\000P\000l\000a\000n\000\040\000d\000e\000\040\000M\000i\000s\000s\000i\000o\000n\000\051}{section.3.2}% 81
\BOOKMARK [1][-]{section.3.3}{\376\377\0003\000.\0003\000\040\000P\000h\000a\000s\000e\000\040\0002\000\040\000:\000\040\000E\000x\000\351\000c\000u\000t\000i\000o\000n\000\040\000d\000e\000\040\000l\000a\000\040\000M\000i\000s\000s\000i\000o\000n\000\040\000\050\000L\000e\000\040\000T\000e\000r\000r\000a\000i\000n\000\051}{chapter.3}% 82
\BOOKMARK [2][-]{subsection.3.3.1}{\376\377\0003\000.\0003\000.\0001\000\040\000R\000\351\000u\000n\000i\000o\000n\000\040\000d\000'\000O\000u\000v\000e\000r\000t\000u\000r\000e\000\040\000\050\000K\000i\000c\000k\000-\000o\000f\000f\000\040\000M\000e\000e\000t\000i\000n\000g\000\051}{section.3.3}% 83
\BOOKMARK [2][-]{subsection.3.3.2}{\376\377\0003\000.\0003\000.\0002\000\040\000T\000e\000c\000h\000n\000i\000q\000u\000e\000s\000\040\000d\000e\000\040\000C\000o\000l\000l\000e\000c\000t\000e\000\040\000d\000'\000I\000n\000f\000o\000r\000m\000a\000t\000i\000o\000n}{section.3.3}% 84
\BOOKMARK [3][-]{subsubsection.3.3.2.1}{\376\377\0003\000.\0003\000.\0002\000.\0001\000\040\000L\000e\000s\000\040\000E\000n\000t\000r\000e\000t\000i\000e\000n\000s}{subsection.3.3.2}% 85
\BOOKMARK [3][-]{subsubsection.3.3.2.2}{\376\377\0003\000.\0003\000.\0002\000.\0002\000\040\000L\000'\000O\000b\000s\000e\000r\000v\000a\000t\000i\000o\000n}{subsection.3.3.2}% 86
\BOOKMARK [3][-]{subsubsection.3.3.2.3}{\376\377\0003\000.\0003\000.\0002\000.\0003\000\040\000L\000e\000s\000\040\000T\000e\000s\000t\000s\000\040\000T\000e\000c\000h\000n\000i\000q\000u\000e\000s\000\040\000e\000t\000\040\000A\000n\000a\000l\000y\000s\000e\000\040\000d\000e\000\040\000D\000o\000n\000n\000\351\000e\000s}{subsection.3.3.2}% 87
\BOOKMARK [2][-]{subsection.3.3.3}{\376\377\0003\000.\0003\000.\0003\000\040\000C\000o\000n\000s\000i\000g\000n\000a\000t\000i\000o\000n\000\040\000d\000e\000s\000\040\000F\000a\000i\000t\000s\000\040\000\050\000L\000e\000s\000\040\000P\000a\000p\000i\000e\000r\000s\000\040\000d\000e\000\040\000T\000r\000a\000v\000a\000i\000l\000\051}{section.3.3}% 88
\BOOKMARK [1][-]{section.3.4}{\376\377\0003\000.\0004\000\040\000P\000h\000a\000s\000e\000\040\0003\000\040\000:\000\040\000C\000o\000m\000m\000u\000n\000i\000c\000a\000t\000i\000o\000n\000\040\000d\000e\000s\000\040\000R\000\351\000s\000u\000l\000t\000a\000t\000s}{chapter.3}% 89
\BOOKMARK [2][-]{subsection.3.4.1}{\376\377\0003\000.\0004\000.\0001\000\040\000L\000e\000\040\000P\000r\000o\000j\000e\000t\000\040\000d\000'\000O\000b\000s\000e\000r\000v\000a\000t\000i\000o\000n}{section.3.4}% 90
\BOOKMARK [2][-]{subsection.3.4.2}{\376\377\0003\000.\0004\000.\0002\000\040\000L\000e\000\040\000C\000o\000n\000t\000r\000a\000d\000i\000c\000t\000o\000i\000r\000e\000\040\000\050\000V\000a\000l\000i\000d\000a\000t\000i\000o\000n\000\051}{section.3.4}% 91
\BOOKMARK [2][-]{subsection.3.4.3}{\376\377\0003\000.\0004\000.\0003\000\040\000L\000e\000\040\000R\000a\000p\000p\000o\000r\000t\000\040\000F\000i\000n\000a\000l}{section.3.4}% 92
\BOOKMARK [2][-]{subsection.3.4.4}{\376\377\0003\000.\0004\000.\0004\000\040\000R\000\351\000u\000n\000i\000o\000n\000\040\000d\000e\000\040\000C\000l\000\364\000t\000u\000r\000e}{section.3.4}% 93
\BOOKMARK [1][-]{section.3.5}{\376\377\0003\000.\0005\000\040\000P\000h\000a\000s\000e\000\040\0004\000\040\000:\000\040\000S\000u\000i\000v\000i\000\040\000d\000e\000\040\000l\000a\000\040\000M\000i\000s\000s\000i\000o\000n}{chapter.3}% 94
\BOOKMARK [2][-]{subsection.3.5.1}{\376\377\0003\000.\0005\000.\0001\000\040\000L\000e\000\040\000P\000l\000a\000n\000\040\000d\000'\000A\000c\000t\000i\000o\000n}{section.3.5}% 95
\BOOKMARK [2][-]{subsection.3.5.2}{\376\377\0003\000.\0005\000.\0002\000\040\000L\000e\000\040\000S\000u\000i\000v\000i\000\040\000\050\000F\000o\000l\000l\000o\000w\000-\000u\000p\000\051}{section.3.5}% 96
\BOOKMARK [1][-]{section.3.6}{\376\377\0003\000.\0006\000\040\000L\000e\000\040\000D\000o\000s\000s\000i\000e\000r\000\040\000d\000'\000A\000u\000d\000i\000t\000\040\000:\000\040\000S\000t\000r\000u\000c\000t\000u\000r\000e\000\040\000e\000t\000\040\000T\000r\000a\000\347\000a\000b\000i\000l\000i\000t\000\351}{chapter.3}% 97
\BOOKMARK [1][-]{section.3.7}{\376\377\0003\000.\0007\000\040\000L\000a\000\040\000M\000a\000t\000r\000i\000c\000e\000\040\000d\000e\000s\000\040\000R\000i\000s\000q\000u\000e\000s\000\040\000:\000\040\000P\000r\000i\000o\000r\000i\000s\000a\000t\000i\000o\000n\000\040\000d\000e\000s\000\040\000T\000r\000a\000v\000a\000u\000x}{chapter.3}% 98
\BOOKMARK [1][-]{section.3.8}{\376\377\0003\000.\0008\000\040\000W\000o\000r\000k\000f\000l\000o\000w\000\040\000S\000\351\000q\000u\000e\000n\000t\000i\000e\000l\000\040\000d\000e\000\040\000l\000a\000\040\000M\000i\000s\000s\000i\000o\000n}{chapter.3}% 99
\BOOKMARK [-1][-]{part.2}{\376\377\000I\000I\000\040\000R\000\351\000f\000\351\000r\000e\000n\000t\000i\000e\000l\000s\000\040\000e\000t\000\040\000T\000y\000p\000o\000l\000o\000g\000i\000e\000s\000\040\000d\000'\000A\000u\000d\000i\000t}{}% 100
\BOOKMARK [0][-]{chapter.4}{\376\377\0004\000\040\000N\000o\000r\000m\000e\000s\000\040\000e\000t\000\040\000R\000\351\000f\000\351\000r\000e\000n\000t\000i\000e\000l\000s\000\040\000U\000s\000u\000e\000l\000s\000\040\000e\000n\000\040\000A\000u\000d\000i\000t\000\040\000d\000e\000s\000\040\000S\000y\000s\000t\000\350\000m\000e\000s\000\040\000d\000'\000I\000n\000f\000o\000r\000m\000a\000t\000i\000o\000n}{part.2}% 101
\BOOKMARK [1][-]{section.4.1}{\376\377\0004\000.\0001\000\040\000C\000O\000S\000O\000\040\000:\000\040\000L\000e\000\040\000M\000o\000d\000\350\000l\000e\000\040\000d\000e\000\040\000C\000o\000n\000t\000r\000\364\000l\000e\000\040\000I\000n\000t\000e\000r\000n\000e}{chapter.4}% 102
\BOOKMARK [2][-]{subsection.4.1.1}{\376\377\0004\000.\0001\000.\0001\000\040\000P\000r\000\351\000s\000e\000n\000t\000a\000t\000i\000o\000n}{section.4.1}% 103
\BOOKMARK [2][-]{subsection.4.1.2}{\376\377\0004\000.\0001\000.\0002\000\040\000L\000e\000s\000\040\000T\000r\000o\000i\000s\000\040\000O\000b\000j\000e\000c\000t\000i\000f\000s}{section.4.1}% 104
\BOOKMARK [2][-]{subsection.4.1.3}{\376\377\0004\000.\0001\000.\0003\000\040\000L\000e\000s\000\040\000C\000i\000n\000q\000\040\000C\000o\000m\000p\000o\000s\000a\000n\000t\000e\000s\000\040\000\050\000L\000e\000\040\000C\000u\000b\000e\000\040\000C\000O\000S\000O\000\051}{section.4.1}% 105
\BOOKMARK [1][-]{section.4.2}{\376\377\0004\000.\0002\000\040\000C\000O\000B\000I\000T\000\040\000:\000\040\000L\000a\000\040\000G\000o\000u\000v\000e\000r\000n\000a\000n\000c\000e\000\040\000d\000e\000s\000\040\000S\000I}{chapter.4}% 106
\BOOKMARK [2][-]{subsection.4.2.1}{\376\377\0004\000.\0002\000.\0001\000\040\000P\000r\000\351\000s\000e\000n\000t\000a\000t\000i\000o\000n}{section.4.2}% 107
\BOOKMARK [2][-]{subsection.4.2.2}{\376\377\0004\000.\0002\000.\0002\000\040\000O\000b\000j\000e\000c\000t\000i\000f\000s\000\040\000e\000t\000\040\000A\000p\000p\000o\000r\000t\000s}{section.4.2}% 108
\BOOKMARK [2][-]{subsection.4.2.3}{\376\377\0004\000.\0002\000.\0003\000\040\000S\000t\000r\000u\000c\000t\000u\000r\000e\000\040\000d\000e\000\040\000C\000O\000B\000I\000T\000\040\000\050\000V\000e\000r\000s\000i\000o\000n\000\040\0005\000\040\000/\000\040\0002\0000\0001\0009\000\051}{section.4.2}% 109
\BOOKMARK [2][-]{subsection.4.2.4}{\376\377\0004\000.\0002\000.\0004\000\040\000U\000t\000i\000l\000i\000s\000a\000t\000i\000o\000n\000\040\000p\000a\000r\000\040\000l\000'\000A\000u\000d\000i\000t\000e\000u\000r}{section.4.2}% 110
\BOOKMARK [2][-]{subsection.4.2.5}{\376\377\0004\000.\0002\000.\0005\000\040\000L\000a\000\040\000C\000a\000s\000c\000a\000d\000e\000\040\000d\000'\000O\000b\000j\000e\000c\000t\000i\000f\000s\000\040\000C\000O\000B\000I\000T}{section.4.2}% 111
\BOOKMARK [1][-]{section.4.3}{\376\377\0004\000.\0003\000\040\000L\000a\000\040\000S\000\351\000r\000i\000e\000\040\000I\000S\000O\000\040\0002\0007\0000\0000\0000\000\040\000:\000\040\000L\000a\000\040\000S\000\351\000c\000u\000r\000i\000t\000\351\000\040\000N\000o\000r\000m\000a\000t\000i\000v\000e}{chapter.4}% 112
\BOOKMARK [2][-]{subsection.4.3.1}{\376\377\0004\000.\0003\000.\0001\000\040\000V\000u\000e\000\040\000d\000'\000E\000n\000s\000e\000m\000b\000l\000e}{section.4.3}% 113
\BOOKMARK [2][-]{subsection.4.3.2}{\376\377\0004\000.\0003\000.\0002\000\040\000I\000m\000p\000o\000r\000t\000a\000n\000c\000e\000\040\000p\000o\000u\000r\000\040\000l\000'\000A\000u\000d\000i\000t}{section.4.3}% 114
\BOOKMARK [1][-]{section.4.4}{\376\377\0004\000.\0004\000\040\000S\000y\000n\000t\000h\000\350\000s\000e\000\040\000:\000\040\000C\000o\000m\000m\000e\000n\000t\000\040\000C\000h\000o\000i\000s\000i\000r\000\040\000?}{chapter.4}% 115
\BOOKMARK [0][-]{chapter.5}{\376\377\0005\000\040\000P\000r\000i\000n\000c\000i\000p\000a\000u\000x\000\040\000T\000y\000p\000e\000s\000\040\000d\000'\000A\000u\000d\000i\000t\000\040\000d\000a\000n\000s\000\040\000l\000e\000s\000\040\000S\000y\000s\000t\000\350\000m\000e\000s\000\040\000d\000'\000I\000n\000f\000o\000r\000m\000a\000t\000i\000o\000n}{part.2}% 116
\BOOKMARK [1][-]{section.5.1}{\376\377\0005\000.\0001\000\040\000A\000u\000d\000i\000t\000\040\000d\000e\000s\000\040\000A\000p\000p\000l\000i\000c\000a\000t\000i\000o\000n\000s\000\040\000e\000n\000\040\000S\000e\000r\000v\000i\000c\000e}{chapter.5}% 117
\BOOKMARK [2][-]{subsection.5.1.1}{\376\377\0005\000.\0001\000.\0001\000\040\000E\000n\000j\000e\000u\000\040\000f\000o\000n\000d\000a\000m\000e\000n\000t\000a\000l}{section.5.1}% 118
\BOOKMARK [2][-]{subsection.5.1.2}{\376\377\0005\000.\0001\000.\0002\000\040\000P\000\351\000r\000i\000m\000\350\000t\000r\000e\000\040\000e\000t\000\040\000f\000r\000o\000n\000t\000i\000\350\000r\000e\000s}{section.5.1}% 119
\BOOKMARK [2][-]{subsection.5.1.3}{\376\377\0005\000.\0001\000.\0003\000\040\000D\000i\000m\000e\000n\000s\000i\000o\000n\000s\000\040\000c\000a\000r\000a\000c\000t\000\351\000r\000i\000s\000t\000i\000q\000u\000e\000s}{section.5.1}% 120
\BOOKMARK [2][-]{subsection.5.1.4}{\376\377\0005\000.\0001\000.\0004\000\040\000F\000r\000\351\000q\000u\000e\000n\000c\000e\000\040\000e\000t\000\040\000d\000\351\000c\000l\000e\000n\000c\000h\000e\000u\000r\000s}{section.5.1}% 121
\BOOKMARK [2][-]{subsection.5.1.5}{\376\377\0005\000.\0001\000.\0005\000\040\000R\000\351\000f\000\351\000r\000e\000n\000t\000i\000e\000l\000s\000\040\000m\000o\000b\000i\000l\000i\000s\000\351\000s}{section.5.1}% 122
\BOOKMARK [1][-]{section.5.2}{\376\377\0005\000.\0002\000\040\000A\000u\000d\000i\000t\000\040\000d\000e\000\040\000l\000a\000\040\000F\000o\000n\000c\000t\000i\000o\000n\000\040\000I\000n\000f\000o\000r\000m\000a\000t\000i\000q\000u\000e\000\040\000\050\000D\000S\000I\000\051}{chapter.5}% 123
\BOOKMARK [2][-]{subsection.5.2.1}{\376\377\0005\000.\0002\000.\0001\000\040\000E\000n\000j\000e\000u\000\040\000f\000o\000n\000d\000a\000m\000e\000n\000t\000a\000l}{section.5.2}% 124
\BOOKMARK [2][-]{subsection.5.2.2}{\376\377\0005\000.\0002\000.\0002\000\040\000P\000\351\000r\000i\000m\000\350\000t\000r\000e\000\040\000e\000t\000\040\000f\000r\000o\000n\000t\000i\000\350\000r\000e\000s}{section.5.2}% 125
\BOOKMARK [2][-]{subsection.5.2.3}{\376\377\0005\000.\0002\000.\0003\000\040\000D\000i\000m\000e\000n\000s\000i\000o\000n\000s\000\040\000c\000a\000r\000a\000c\000t\000\351\000r\000i\000s\000t\000i\000q\000u\000e\000s}{section.5.2}% 126
\BOOKMARK [2][-]{subsection.5.2.4}{\376\377\0005\000.\0002\000.\0004\000\040\000F\000r\000\351\000q\000u\000e\000n\000c\000e\000\040\000e\000t\000\040\000d\000\351\000c\000l\000e\000n\000c\000h\000e\000u\000r\000s}{section.5.2}% 127
\BOOKMARK [2][-]{subsection.5.2.5}{\376\377\0005\000.\0002\000.\0005\000\040\000R\000\351\000f\000\351\000r\000e\000n\000t\000i\000e\000l\000s\000\040\000m\000o\000b\000i\000l\000i\000s\000\351\000s}{section.5.2}% 128
\BOOKMARK [1][-]{section.5.3}{\376\377\0005\000.\0003\000\040\000A\000u\000d\000i\000t\000\040\000d\000e\000s\000\040\000P\000r\000o\000j\000e\000t\000s\000\040\000I\000n\000f\000o\000r\000m\000a\000t\000i\000q\000u\000e\000s}{chapter.5}% 129
\BOOKMARK [2][-]{subsection.5.3.1}{\376\377\0005\000.\0003\000.\0001\000\040\000E\000n\000j\000e\000u\000\040\000f\000o\000n\000d\000a\000m\000e\000n\000t\000a\000l}{section.5.3}% 130
\BOOKMARK [2][-]{subsection.5.3.2}{\376\377\0005\000.\0003\000.\0002\000\040\000P\000\351\000r\000i\000m\000\350\000t\000r\000e\000\040\000e\000t\000\040\000f\000r\000o\000n\000t\000i\000\350\000r\000e\000s}{section.5.3}% 131
\BOOKMARK [2][-]{subsection.5.3.3}{\376\377\0005\000.\0003\000.\0003\000\040\000D\000i\000m\000e\000n\000s\000i\000o\000n\000s\000\040\000c\000a\000r\000a\000c\000t\000\351\000r\000i\000s\000t\000i\000q\000u\000e\000s}{section.5.3}% 132
\BOOKMARK [2][-]{subsection.5.3.4}{\376\377\0005\000.\0003\000.\0004\000\040\000F\000r\000\351\000q\000u\000e\000n\000c\000e\000\040\000e\000t\000\040\000d\000\351\000c\000l\000e\000n\000c\000h\000e\000u\000r\000s}{section.5.3}% 133
\BOOKMARK [2][-]{subsection.5.3.5}{\376\377\0005\000.\0003\000.\0005\000\040\000R\000\351\000f\000\351\000r\000e\000n\000t\000i\000e\000l\000s\000\040\000m\000o\000b\000i\000l\000i\000s\000\351\000s}{section.5.3}% 134
\BOOKMARK [1][-]{section.5.4}{\376\377\0005\000.\0004\000\040\000A\000u\000d\000i\000t\000\040\000d\000u\000\040\000S\000u\000p\000p\000o\000r\000t\000\040\000U\000t\000i\000l\000i\000s\000a\000t\000e\000u\000r\000\040\000e\000t\000\040\000d\000e\000\040\000l\000a\000\040\000G\000e\000s\000t\000i\000o\000n\000\040\000d\000u\000\040\000P\000a\000r\000c}{chapter.5}% 135
\BOOKMARK [2][-]{subsection.5.4.1}{\376\377\0005\000.\0004\000.\0001\000\040\000E\000n\000j\000e\000u\000\040\000f\000o\000n\000d\000a\000m\000e\000n\000t\000a\000l}{section.5.4}% 136
\BOOKMARK [2][-]{subsection.5.4.2}{\376\377\0005\000.\0004\000.\0002\000\040\000D\000i\000m\000e\000n\000s\000i\000o\000n\000s\000\040\000c\000a\000r\000a\000c\000t\000\351\000r\000i\000s\000t\000i\000q\000u\000e\000s}{section.5.4}% 137
\BOOKMARK [1][-]{section.5.5}{\376\377\0005\000.\0005\000\040\000A\000u\000d\000i\000t\000\040\000d\000e\000\040\000S\000\351\000c\000u\000r\000i\000t\000\351\000\040\000I\000n\000f\000o\000r\000m\000a\000t\000i\000q\000u\000e}{chapter.5}% 138
\BOOKMARK [2][-]{subsection.5.5.1}{\376\377\0005\000.\0005\000.\0001\000\040\000E\000n\000j\000e\000u\000\040\000f\000o\000n\000d\000a\000m\000e\000n\000t\000a\000l}{section.5.5}% 139
\BOOKMARK [2][-]{subsection.5.5.2}{\376\377\0005\000.\0005\000.\0002\000\040\000L\000e\000s\000\040\000p\000i\000l\000i\000e\000r\000s\000\040\000D\000.\000I\000.\000C\000.\000T\000.}{section.5.5}% 140
\BOOKMARK [2][-]{subsection.5.5.3}{\376\377\0005\000.\0005\000.\0003\000\040\000D\000i\000m\000e\000n\000s\000i\000o\000n\000s\000\040\000c\000a\000r\000a\000c\000t\000\351\000r\000i\000s\000t\000i\000q\000u\000e\000s}{section.5.5}% 141
\BOOKMARK [2][-]{subsection.5.5.4}{\376\377\0005\000.\0005\000.\0004\000\040\000F\000r\000\351\000q\000u\000e\000n\000c\000e\000\040\000e\000t\000\040\000d\000\351\000c\000l\000e\000n\000c\000h\000e\000u\000r\000s}{section.5.5}% 142
\BOOKMARK [2][-]{subsection.5.5.5}{\376\377\0005\000.\0005\000.\0005\000\040\000R\000\351\000f\000\351\000r\000e\000n\000t\000i\000e\000l\000s\000\040\000m\000o\000b\000i\000l\000i\000s\000\351\000s}{section.5.5}% 143
\BOOKMARK [1][-]{section.5.6}{\376\377\0005\000.\0006\000\040\000A\000u\000d\000i\000t\000\040\000d\000e\000\040\000l\000a\000\040\000C\000o\000n\000t\000i\000n\000u\000i\000t\000\351\000\040\000d\000'\000A\000c\000t\000i\000v\000i\000t\000\351\000\040\000e\000t\000\040\000d\000e\000\040\000l\000a\000\040\000R\000\351\000s\000i\000l\000i\000e\000n\000c\000e}{chapter.5}% 144
\BOOKMARK [2][-]{subsection.5.6.1}{\376\377\0005\000.\0006\000.\0001\000\040\000E\000n\000j\000e\000u\000\040\000f\000o\000n\000d\000a\000m\000e\000n\000t\000a\000l}{section.5.6}% 145
\BOOKMARK [2][-]{subsection.5.6.2}{\376\377\0005\000.\0006\000.\0002\000\040\000C\000o\000n\000c\000e\000p\000t\000s\000\040\000f\000o\000n\000d\000a\000m\000e\000n\000t\000a\000u\000x}{section.5.6}% 146
\BOOKMARK [2][-]{subsection.5.6.3}{\376\377\0005\000.\0006\000.\0003\000\040\000F\000r\000\351\000q\000u\000e\000n\000c\000e\000\040\000e\000t\000\040\000d\000\351\000c\000l\000e\000n\000c\000h\000e\000u\000r\000s}{section.5.6}% 147
\BOOKMARK [2][-]{subsection.5.6.4}{\376\377\0005\000.\0006\000.\0004\000\040\000R\000\351\000f\000\351\000r\000e\000n\000t\000i\000e\000l\000s\000\040\000m\000o\000b\000i\000l\000i\000s\000\351\000s}{section.5.6}% 148
\BOOKMARK [1][-]{section.5.7}{\376\377\0005\000.\0007\000\040\000A\000u\000d\000i\000t\000\040\000d\000e\000\040\000l\000a\000\040\000F\000o\000n\000c\000t\000i\000o\000n\000\040\000\311\000t\000u\000d\000e\000\040\000\050\000D\000\351\000v\000e\000l\000o\000p\000p\000e\000m\000e\000n\000t\000\051}{chapter.5}% 149
\BOOKMARK [2][-]{subsection.5.7.1}{\376\377\0005\000.\0007\000.\0001\000\040\000E\000n\000j\000e\000u\000\040\000f\000o\000n\000d\000a\000m\000e\000n\000t\000a\000l}{section.5.7}% 150
\BOOKMARK [2][-]{subsection.5.7.2}{\376\377\0005\000.\0007\000.\0002\000\040\000D\000i\000m\000e\000n\000s\000i\000o\000n\000s\000\040\000c\000a\000r\000a\000c\000t\000\351\000r\000i\000s\000t\000i\000q\000u\000e\000s}{section.5.7}% 151
\BOOKMARK [2][-]{subsection.5.7.3}{\376\377\0005\000.\0007\000.\0003\000\040\000F\000r\000\351\000q\000u\000e\000n\000c\000e\000\040\000e\000t\000\040\000d\000\351\000c\000l\000e\000n\000c\000h\000e\000u\000r\000s}{section.5.7}% 152
\BOOKMARK [2][-]{subsection.5.7.4}{\376\377\0005\000.\0007\000.\0004\000\040\000R\000\351\000f\000\351\000r\000e\000n\000t\000i\000e\000l\000s\000\040\000m\000o\000b\000i\000l\000i\000s\000\351\000s}{section.5.7}% 153
\BOOKMARK [1][-]{section.5.8}{\376\377\0005\000.\0008\000\040\000A\000u\000d\000i\000t\000\040\000d\000e\000s\000\040\000T\000i\000e\000r\000s\000,\000\040\000d\000u\000\040\000C\000l\000o\000u\000d\000\040\000e\000t\000\040\000d\000e\000\040\000l\000'\000E\000x\000t\000e\000r\000n\000a\000l\000i\000s\000a\000t\000i\000o\000n}{chapter.5}% 154
\BOOKMARK [2][-]{subsection.5.8.1}{\376\377\0005\000.\0008\000.\0001\000\040\000E\000n\000j\000e\000u\000\040\000f\000o\000n\000d\000a\000m\000e\000n\000t\000a\000l}{section.5.8}% 155
\BOOKMARK [2][-]{subsection.5.8.2}{\376\377\0005\000.\0008\000.\0002\000\040\000D\000i\000m\000e\000n\000s\000i\000o\000n\000s\000\040\000c\000a\000r\000a\000c\000t\000\351\000r\000i\000s\000t\000i\000q\000u\000e\000s}{section.5.8}% 156
\BOOKMARK [2][-]{subsection.5.8.3}{\376\377\0005\000.\0008\000.\0003\000\040\000F\000r\000\351\000q\000u\000e\000n\000c\000e\000\040\000e\000t\000\040\000d\000\351\000c\000l\000e\000n\000c\000h\000e\000u\000r\000s}{section.5.8}% 157
\BOOKMARK [2][-]{subsection.5.8.4}{\376\377\0005\000.\0008\000.\0004\000\040\000R\000\351\000f\000\351\000r\000e\000n\000t\000i\000e\000l\000s\000\040\000m\000o\000b\000i\000l\000i\000s\000\351\000s}{section.5.8}% 158
\BOOKMARK [1][-]{section.5.9}{\376\377\0005\000.\0009\000\040\000I\000n\000t\000e\000r\000a\000c\000t\000i\000o\000n\000s\000\040\000e\000n\000t\000r\000e\000\040\000t\000y\000p\000e\000s\000\040\000d\000'\000a\000u\000d\000i\000t\000\040\000e\000t\000\040\000c\000a\000r\000t\000o\000g\000r\000a\000p\000h\000i\000e\000\040\000d\000u\000\040\000r\000i\000s\000q\000u\000e\000\040\000S\000I}{chapter.5}% 159
\BOOKMARK [-1][-]{part.3}{\376\377\000I\000I\000I\000\040\000O\000u\000t\000i\000l\000s\000\040\000d\000'\000a\000i\000d\000e\000\040\000\340\000\040\000l\000'\000a\000u\000d\000i\000t}{}% 160
\BOOKMARK [0][-]{chapter.6}{\376\377\0006\000\040\000F\000o\000n\000d\000e\000m\000e\000n\000t\000s\000\040\000d\000e\000\040\000l\000a\000\040\000T\000h\000\351\000o\000r\000i\000e\000\040\000d\000e\000\040\000l\000'\000I\000n\000f\000o\000r\000m\000a\000t\000i\000o\000n\000\040\000d\000e\000\040\000S\000h\000a\000n\000n\000o\000n}{part.3}% 161
\BOOKMARK [1][-]{section.6.1}{\376\377\0006\000.\0001\000\040\000P\000o\000u\000r\000q\000u\000o\000i\000\040\000u\000n\000\040\000a\000u\000d\000i\000t\000e\000u\000r\000\040\000d\000o\000i\000t\000-\000i\000l\000\040\000c\000o\000n\000n\000a\000\356\000t\000r\000e\000\040\000l\000a\000\040\000t\000h\000\351\000o\000r\000i\000e\000\040\000d\000e\000\040\000l\000'\000i\000n\000f\000o\000r\000m\000a\000t\000i\000o\000n\000\040\000?}{chapter.6}% 162
\BOOKMARK [1][-]{section.6.2}{\376\377\0006\000.\0002\000\040\000L\000a\000\040\000m\000e\000s\000u\000r\000e\000\040\000d\000e\000\040\000l\000'\000i\000n\000f\000o\000r\000m\000a\000t\000i\000o\000n}{chapter.6}% 163
\BOOKMARK [2][-]{subsection.6.2.1}{\376\377\0006\000.\0002\000.\0001\000\040\000L\000e\000\040\000p\000r\000o\000b\000l\000\350\000m\000e\000\040\000d\000e\000\040\000l\000a\000\040\000s\000u\000r\000p\000r\000i\000s\000e}{section.6.2}% 164
\BOOKMARK [2][-]{subsection.6.2.2}{\376\377\0006\000.\0002\000.\0002\000\040\000D\000e\000\040\000l\000'\000\351\000v\000\351\000n\000e\000m\000e\000n\000t\000\040\000\340\000\040\000l\000a\000\040\000s\000o\000u\000r\000c\000e}{section.6.2}% 165
\BOOKMARK [1][-]{section.6.3}{\376\377\0006\000.\0003\000\040\000L\000'\000e\000n\000t\000r\000o\000p\000i\000e\000\040\000d\000e\000\040\000S\000h\000a\000n\000n\000o\000n}{chapter.6}% 166
\BOOKMARK [2][-]{subsection.6.3.1}{\376\377\0006\000.\0003\000.\0001\000\040\000D\000\351\000f\000i\000n\000i\000t\000i\000o\000n}{section.6.3}% 167
\BOOKMARK [2][-]{subsection.6.3.2}{\376\377\0006\000.\0003\000.\0002\000\040\000P\000r\000o\000p\000r\000i\000\351\000t\000\351\000s\000\040\000f\000o\000n\000d\000a\000m\000e\000n\000t\000a\000l\000e\000s}{section.6.3}% 168
\BOOKMARK [2][-]{subsection.6.3.3}{\376\377\0006\000.\0003\000.\0003\000\040\000I\000l\000l\000u\000s\000t\000r\000a\000t\000i\000o\000n\000\040\000s\000u\000r\000\040\000d\000e\000s\000\040\000d\000i\000s\000t\000r\000i\000b\000u\000t\000i\000o\000n\000s\000\040\000\351\000l\000\351\000m\000e\000n\000t\000a\000i\000r\000e\000s}{section.6.3}% 169
\BOOKMARK [1][-]{section.6.4}{\376\377\0006\000.\0004\000\040\000I\000n\000f\000o\000r\000m\000a\000t\000i\000o\000n\000\040\000m\000u\000t\000u\000e\000l\000l\000e\000\040\000e\000t\000\040\000r\000\351\000d\000u\000c\000t\000i\000o\000n\000\040\000d\000'\000i\000n\000c\000e\000r\000t\000i\000t\000u\000d\000e}{chapter.6}% 170
\BOOKMARK [2][-]{subsection.6.4.1}{\376\377\0006\000.\0004\000.\0001\000\040\000D\000\351\000f\000i\000n\000i\000t\000i\000o\000n}{section.6.4}% 171
\BOOKMARK [2][-]{subsection.6.4.2}{\376\377\0006\000.\0004\000.\0002\000\040\000I\000n\000t\000e\000r\000p\000r\000\351\000t\000a\000t\000i\000o\000n\000\040\000d\000a\000n\000s\000\040\000l\000e\000\040\000c\000o\000n\000t\000e\000x\000t\000e\000\040\000d\000e\000\040\000l\000'\000a\000u\000d\000i\000t}{section.6.4}% 172
\BOOKMARK [2][-]{subsection.6.4.3}{\376\377\0006\000.\0004\000.\0003\000\040\000L\000a\000\040\000d\000i\000v\000e\000r\000g\000e\000n\000c\000e\000\040\000d\000e\000\040\000K\000u\000l\000l\000b\000a\000c\000k\000-\000L\000e\000i\000b\000l\000e\000r\000\040\000e\000t\000\040\000l\000a\000\040\000m\000e\000s\000u\000r\000e\000\040\000d\000e\000\040\000l\000'\000\351\000c\000a\000r\000t\000\040\000n\000o\000r\000m\000a\000t\000i\000f}{section.6.4}% 173
\BOOKMARK [1][-]{section.6.5}{\376\377\0006\000.\0005\000\040\000L\000e\000\040\000c\000o\000d\000a\000g\000e\000\040\000d\000e\000\040\000l\000'\000i\000n\000f\000o\000r\000m\000a\000t\000i\000o\000n\000\040\000:\000\040\000l\000i\000e\000n\000\040\000a\000v\000e\000c\000\040\000l\000a\000\040\000c\000o\000m\000p\000r\000e\000s\000s\000i\000o\000n}{chapter.6}% 174
\BOOKMARK [1][-]{section.6.6}{\376\377\0006\000.\0006\000\040\000E\000n\000t\000r\000o\000p\000i\000e\000\040\000e\000t\000\040\000d\000i\000s\000t\000r\000i\000b\000u\000t\000i\000o\000n\000s\000\040\000t\000r\000i\000c\000h\000o\000t\000o\000m\000i\000q\000u\000e\000s\000\040\000:\000\040\000a\000n\000a\000l\000y\000s\000e\000\040\000e\000x\000h\000a\000u\000s\000t\000i\000v\000e}{chapter.6}% 175
\BOOKMARK [2][-]{subsection.6.6.1}{\376\377\0006\000.\0006\000.\0001\000\040\000P\000a\000r\000a\000m\000\351\000t\000r\000i\000s\000a\000t\000i\000o\000n\000\040\000d\000e\000\040\000l\000a\000\040\000s\000u\000r\000f\000a\000c\000e\000\040\000d\000'\000e\000n\000t\000r\000o\000p\000i\000e}{section.6.6}% 176
\BOOKMARK [2][-]{subsection.6.6.2}{\376\377\0006\000.\0006\000.\0002\000\040\000D\000\351\000c\000o\000m\000p\000o\000s\000i\000t\000i\000o\000n\000\040\000d\000e\000\040\000l\000'\000e\000n\000t\000r\000o\000p\000i\000e\000\040\000e\000t\000\040\000c\000o\000n\000t\000r\000i\000b\000u\000t\000i\000o\000n\000\040\000d\000e\000s\000\040\000c\000o\000m\000p\000o\000s\000a\000n\000t\000e\000s}{section.6.6}% 177
\BOOKMARK [1][-]{section.6.7}{\376\377\0006\000.\0007\000\040\000A\000p\000p\000l\000i\000c\000a\000t\000i\000o\000n\000\040\000\340\000\040\000l\000a\000\040\000m\000e\000s\000u\000r\000e\000\040\000d\000e\000\040\000l\000'\000i\000n\000c\000e\000r\000t\000i\000t\000u\000d\000e\000\040\000d\000a\000n\000s\000\040\000u\000n\000\040\000a\000u\000d\000i\000t}{chapter.6}% 178
\BOOKMARK [2][-]{subsection.6.7.1}{\376\377\0006\000.\0007\000.\0001\000\040\000M\000o\000d\000\351\000l\000i\000s\000a\000t\000i\000o\000n\000\040\000f\000o\000r\000m\000e\000l\000l\000e\000\040\000d\000u\000\040\000p\000r\000o\000c\000e\000s\000s\000u\000s\000\040\000d\000'\000a\000u\000d\000i\000t}{section.6.7}% 179
\BOOKMARK [2][-]{subsection.6.7.2}{\376\377\0006\000.\0007\000.\0002\000\040\000L\000e\000\040\000d\000o\000u\000b\000l\000e\000\040\000s\000i\000g\000n\000a\000l\000\040\000d\000e\000\040\000l\000'\000o\000u\000t\000i\000l\000\040\000d\000'\000a\000u\000d\000i\000t}{section.6.7}% 180
\BOOKMARK [2][-]{subsection.6.7.3}{\376\377\0006\000.\0007\000.\0003\000\040\000I\000n\000t\000e\000r\000p\000r\000\351\000t\000a\000t\000i\000o\000n\000\040\000n\000o\000r\000m\000a\000t\000i\000v\000e\000\040\000d\000e\000s\000\040\000s\000e\000u\000i\000l\000s\000\040\000d\000'\000e\000n\000t\000r\000o\000p\000i\000e}{section.6.7}% 181
\BOOKMARK [1][-]{section.6.8}{\376\377\0006\000.\0008\000\040\000E\000x\000t\000e\000n\000s\000i\000o\000n\000s\000\040\000:\000\040\000e\000n\000t\000r\000o\000p\000i\000e\000\040\000c\000r\000o\000i\000s\000\351\000e\000\040\000e\000t\000\040\000m\000e\000s\000u\000r\000e\000s\000\040\000a\000p\000p\000a\000r\000e\000n\000t\000\351\000e\000s}{chapter.6}% 182
\BOOKMARK [1][-]{section.6.9}{\376\377\0006\000.\0009\000\040\000S\000y\000n\000t\000h\000\350\000s\000e\000\040\000:\000\040\000d\000e\000\040\000S\000h\000a\000n\000n\000o\000n\000\040\000\340\000\040\000l\000'\000a\000u\000d\000i\000t}{chapter.6}% 183
\BOOKMARK [1][-]{Item.68}{\376\377\000R\000\351\000f\000\351\000r\000e\000n\000c\000e\000s\000\040\000b\000i\000b\000l\000i\000o\000g\000r\000a\000p\000h\000i\000q\000u\000e\000s}{chapter.6}% 184
\BOOKMARK [1][-]{Item.68}{\376\377\000E\000x\000e\000r\000c\000i\000c\000e\000s}{chapter.6}% 185
\BOOKMARK [0][-]{chapter.7}{\376\377\0007\000\040\000C\000o\000n\000c\000e\000p\000t\000i\000o\000n\000\040\000d\000'\000u\000n\000\040\000O\000u\000t\000i\000l\000\040\000d\000'\000A\000i\000d\000e\000\040\000\340\000\040\000l\000'\000A\000u\000d\000i\000t\000\040\000d\000e\000s\000\040\000S\000y\000s\000t\000\350\000m\000e\000s\000\040\000d\000'\000I\000n\000f\000o\000r\000m\000a\000t\000i\000o\000n}{part.3}% 186
\BOOKMARK [1][-]{section.7.1}{\376\377\0007\000.\0001\000\040\000P\000o\000u\000r\000q\000u\000o\000i\000\040\000u\000n\000\040\000o\000u\000t\000i\000l\000\040\000s\000t\000r\000u\000c\000t\000u\000r\000\351\000\040\000d\000'\000a\000i\000d\000e\000\040\000\340\000\040\000l\000'\000a\000u\000d\000i\000t\000\040\000?}{chapter.7}% 187
\BOOKMARK [2][-]{subsection.7.1.1}{\376\377\0007\000.\0001\000.\0001\000\040\000F\000o\000n\000c\000t\000i\000o\000n\000s\000\040\000d\000e\000\040\000l\000'\000o\000u\000t\000i\000l}{section.7.1}% 188
\BOOKMARK [2][-]{subsection.7.1.2}{\376\377\0007\000.\0001\000.\0002\000\040\000A\000n\000c\000r\000a\000g\000e\000\040\000n\000o\000r\000m\000a\000t\000i\000f}{section.7.1}% 189
\BOOKMARK [1][-]{section.7.2}{\376\377\0007\000.\0002\000\040\000L\000a\000\040\000m\000\351\000t\000h\000o\000d\000e\000\040\000d\000e\000\040\000d\000\351\000c\000o\000m\000p\000o\000s\000i\000t\000i\000o\000n\000\040\000h\000i\000\351\000r\000a\000r\000c\000h\000i\000q\000u\000e}{chapter.7}% 190
\BOOKMARK [2][-]{subsection.7.2.1}{\376\377\0007\000.\0002\000.\0001\000\040\000V\000u\000e\000\040\000d\000'\000e\000n\000s\000e\000m\000b\000l\000e\000\040\000d\000e\000\040\000l\000'\000a\000r\000b\000o\000r\000e\000s\000c\000e\000n\000c\000e}{section.7.2}% 191
\BOOKMARK [1][-]{section.7.3}{\376\377\0007\000.\0003\000\040\000R\000\364\000l\000e\000\040\000e\000t\000\040\000l\000o\000g\000i\000q\000u\000e\000\040\000d\000e\000\040\000c\000h\000a\000q\000u\000e\000\040\000p\000a\000l\000i\000e\000r}{chapter.7}% 192
\BOOKMARK [2][-]{subsection.7.3.1}{\376\377\0007\000.\0003\000.\0001\000\040\000N\000i\000v\000e\000a\000u\000\040\0001\000.\000\040\000L\000e\000\040\000D\000o\000m\000a\000i\000n\000e}{section.7.3}% 193
\BOOKMARK [2][-]{subsection.7.3.2}{\376\377\0007\000.\0003\000.\0002\000\040\000N\000i\000v\000e\000a\000u\000\040\0002\000.\000\040\000L\000e\000\040\000P\000o\000i\000n\000t\000\040\000d\000e\000\040\000c\000o\000n\000t\000r\000\364\000l\000e}{section.7.3}% 194
\BOOKMARK [2][-]{subsection.7.3.3}{\376\377\0007\000.\0003\000.\0003\000\040\000N\000i\000v\000e\000a\000u\000\040\0003\000.\000\040\000L\000'\000O\000b\000j\000e\000c\000t\000i\000f\000\040\000d\000e\000\040\000c\000o\000n\000t\000r\000\364\000l\000e}{section.7.3}% 195
\BOOKMARK [2][-]{subsection.7.3.4}{\376\377\0007\000.\0003\000.\0004\000\040\000N\000i\000v\000e\000a\000u\000\040\0004\000.\000\040\000L\000e\000\040\000C\000r\000i\000t\000\350\000r\000e}{section.7.3}% 196
\BOOKMARK [2][-]{subsection.7.3.5}{\376\377\0007\000.\0003\000.\0005\000\040\000N\000i\000v\000e\000a\000u\000\040\0005\000.\000\040\000L\000'\000\311\000l\000\351\000m\000e\000n\000t\000\040\000r\000e\000q\000u\000i\000s}{section.7.3}% 197
\BOOKMARK [2][-]{subsection.7.3.6}{\376\377\0007\000.\0003\000.\0006\000\040\000N\000i\000v\000e\000a\000u\000\040\0006\000.\000\040\000L\000a\000\040\000Q\000u\000e\000s\000t\000i\000o\000n\000\040\000d\000'\000\351\000v\000a\000l\000u\000a\000t\000i\000o\000n}{section.7.3}% 198
\BOOKMARK [2][-]{subsection.7.3.7}{\376\377\0007\000.\0003\000.\0007\000\040\000N\000i\000v\000e\000a\000u\000\040\0007\000.\000\040\000L\000e\000\040\000R\000i\000s\000q\000u\000e}{section.7.3}% 199
\BOOKMARK [2][-]{subsection.7.3.8}{\376\377\0007\000.\0003\000.\0008\000\040\000N\000i\000v\000e\000a\000u\000\040\0008\000.\000\040\000L\000a\000\040\000C\000o\000n\000s\000\351\000q\000u\000e\000n\000c\000e}{section.7.3}% 200
\BOOKMARK [1][-]{section.7.4}{\376\377\0007\000.\0004\000\040\000U\000n\000i\000v\000e\000r\000s\000a\000l\000i\000t\000\351\000\040\000e\000t\000\040\000a\000d\000a\000p\000t\000a\000b\000i\000l\000i\000t\000\351\000\040\000d\000e\000\040\000l\000a\000\040\000m\000\351\000t\000h\000o\000d\000e}{chapter.7}% 201
\BOOKMARK [1][-]{section.7.5}{\376\377\0007\000.\0005\000\040\000S\000t\000r\000u\000c\000t\000u\000r\000a\000t\000i\000o\000n\000\040\000d\000u\000\040\000f\000i\000c\000h\000i\000e\000r\000\040\000E\000x\000c\000e\000l\000\040\000d\000e\000\040\000l\000'\000o\000u\000t\000i\000l\000\040\000d\000'\000a\000i\000d\000e\000\040\000\340\000\040\000l\000'\000a\000u\000d\000i\000t}{chapter.7}% 202
\BOOKMARK [2][-]{subsection.7.5.1}{\376\377\0007\000.\0005\000.\0001\000\040\000A\000r\000c\000h\000i\000t\000e\000c\000t\000u\000r\000e\000\040\000d\000u\000\040\000c\000l\000a\000s\000s\000e\000u\000r}{section.7.5}% 203
\BOOKMARK [2][-]{subsection.7.5.2}{\376\377\0007\000.\0005\000.\0002\000\040\000S\000t\000r\000u\000c\000t\000u\000r\000e\000\040\000d\000e\000\040\000c\000h\000a\000q\000u\000e\000\040\000f\000e\000u\000i\000l\000l\000e\000\040\000d\000e\000\040\000d\000o\000m\000a\000i\000n\000e}{section.7.5}% 204
\BOOKMARK [2][-]{subsection.7.5.3}{\376\377\0007\000.\0005\000.\0003\000\040\000F\000o\000n\000c\000t\000i\000o\000n\000n\000e\000m\000e\000n\000t\000\040\000d\000e\000s\000\040\000f\000o\000r\000m\000u\000l\000e\000s\000\040\000d\000'\000a\000u\000t\000o\000m\000a\000t\000i\000s\000a\000t\000i\000o\000n}{section.7.5}% 205
\BOOKMARK [2][-]{subsection.7.5.4}{\376\377\0007\000.\0005\000.\0004\000\040\000L\000a\000\040\000f\000e\000u\000i\000l\000l\000e\000\040\000d\000e\000\040\000s\000y\000n\000t\000h\000\350\000s\000e}{section.7.5}% 206
\BOOKMARK [1][-]{section.7.6}{\376\377\0007\000.\0006\000\040\000P\000r\000o\000t\000o\000c\000o\000l\000e\000\040\000d\000e\000\040\000c\000o\000n\000s\000t\000r\000u\000c\000t\000i\000o\000n\000\040\000d\000e\000\040\000l\000'\000o\000u\000t\000i\000l\000\040\000p\000o\000u\000r\000\040\000u\000n\000\040\000n\000o\000u\000v\000e\000a\000u\000\040\000d\000o\000m\000a\000i\000n\000e}{chapter.7}% 207
\BOOKMARK [2][-]{subsection.7.6.1}{\376\377\0007\000.\0006\000.\0001\000\040\000\311\000t\000a\000p\000e\000\040\0001\000\040\000:\000\040\000D\000\351\000l\000i\000m\000i\000t\000e\000r\000\040\000l\000e\000\040\000d\000o\000m\000a\000i\000n\000e}{section.7.6}% 208
\BOOKMARK [2][-]{subsection.7.6.2}{\376\377\0007\000.\0006\000.\0002\000\040\000\311\000t\000a\000p\000e\000\040\0002\000\040\000:\000\040\000I\000d\000e\000n\000t\000i\000f\000i\000e\000r\000\040\000l\000e\000s\000\040\000p\000o\000i\000n\000t\000s\000\040\000d\000e\000\040\000c\000o\000n\000t\000r\000\364\000l\000e}{section.7.6}% 209
\BOOKMARK [2][-]{subsection.7.6.3}{\376\377\0007\000.\0006\000.\0003\000\040\000\311\000t\000a\000p\000e\000\040\0003\000\040\000:\000\040\000D\000\351\000c\000o\000m\000p\000o\000s\000e\000r\000\040\000c\000h\000a\000q\000u\000e\000\040\000p\000o\000i\000n\000t\000\040\000e\000n\000\040\000o\000b\000j\000e\000c\000t\000i\000f\000s\000\040\000d\000e\000\040\000c\000o\000n\000t\000r\000\364\000l\000e}{section.7.6}% 210
\BOOKMARK [2][-]{subsection.7.6.4}{\376\377\0007\000.\0006\000.\0004\000\040\000\311\000t\000a\000p\000e\000\040\0004\000\040\000:\000\040\000D\000\351\000r\000i\000v\000e\000r\000\040\000l\000e\000s\000\040\000c\000r\000i\000t\000\350\000r\000e\000s}{section.7.6}% 211
\BOOKMARK [2][-]{subsection.7.6.5}{\376\377\0007\000.\0006\000.\0005\000\040\000\311\000t\000a\000p\000e\000\040\0005\000\040\000:\000\040\000S\000p\000\351\000c\000i\000f\000i\000e\000r\000\040\000l\000e\000s\000\040\000\351\000l\000\351\000m\000e\000n\000t\000s\000\040\000r\000e\000q\000u\000i\000s\000\040\000e\000t\000\040\000l\000e\000s\000\040\000q\000u\000e\000s\000t\000i\000o\000n\000s}{section.7.6}% 212
\BOOKMARK [2][-]{subsection.7.6.6}{\376\377\0007\000.\0006\000.\0006\000\040\000\311\000t\000a\000p\000e\000\040\0006\000\040\000:\000\040\000F\000o\000r\000m\000u\000l\000e\000r\000\040\000l\000e\000s\000\040\000r\000i\000s\000q\000u\000e\000s\000\040\000e\000t\000\040\000l\000e\000s\000\040\000c\000o\000n\000s\000\351\000q\000u\000e\000n\000c\000e\000s}{section.7.6}% 213
\BOOKMARK [2][-]{subsection.7.6.7}{\376\377\0007\000.\0006\000.\0007\000\040\000\311\000t\000a\000p\000e\000\040\0007\000\040\000:\000\040\000S\000a\000i\000s\000i\000r\000\040\000l\000e\000s\000\040\000f\000o\000r\000m\000u\000l\000e\000s\000\040\000d\000'\000a\000u\000t\000o\000m\000a\000t\000i\000s\000a\000t\000i\000o\000n\000\040\000e\000t\000\040\000t\000e\000s\000t\000e\000r}{section.7.6}% 214
\BOOKMARK [1][-]{section.7.7}{\376\377\0007\000.\0007\000\040\000L\000e\000\040\000T\000a\000b\000l\000e\000a\000u\000\040\000d\000e\000\040\000B\000o\000r\000d\000\040\000d\000e\000\040\000S\000y\000n\000t\000h\000\350\000s\000e\000\040\000\050\000R\000e\000p\000o\000r\000t\000i\000n\000g\000\051}{chapter.7}% 215
\BOOKMARK [0][-]{chapter.8}{\376\377\0008\000\040\000D\000\351\000c\000o\000m\000p\000o\000s\000i\000t\000i\000o\000n\000\040\000H\000i\000\351\000r\000a\000r\000c\000h\000i\000q\000u\000e\000\040\000d\000e\000s\000\040\000T\000y\000p\000e\000s\000\040\000d\000'\000A\000u\000d\000i\000t\000\040\000S\000I}{part.3}% 216
\BOOKMARK [1][-]{section.8.1}{\376\377\0008\000.\0001\000\040\000D\000o\000m\000a\000i\000n\000e\000\040\0001\000,\000\040\000A\000u\000d\000i\000t\000\040\000d\000e\000s\000\040\000A\000p\000p\000l\000i\000c\000a\000t\000i\000o\000n\000s\000\040\000e\000n\000\040\000S\000e\000r\000v\000i\000c\000e}{chapter.8}% 217
\BOOKMARK [2][-]{subsection.8.1.1}{\376\377\0008\000.\0001\000.\0001\000\040\000P\000o\000i\000n\000t\000s\000\040\000d\000e\000\040\000c\000o\000n\000t\000r\000\364\000l\000e\000\040\000\050\000N\000i\000v\000e\000a\000u\000\040\0002\000\051}{section.8.1}% 218
\BOOKMARK [2][-]{subsection.8.1.2}{\376\377\0008\000.\0001\000.\0002\000\040\000O\000b\000j\000e\000c\000t\000i\000f\000s\000\040\000d\000e\000\040\000c\000o\000n\000t\000r\000\364\000l\000e\000\040\000p\000a\000r\000\040\000p\000o\000i\000n\000t\000\040\000\050\000N\000i\000v\000e\000a\000u\000\040\0003\000\051}{section.8.1}% 219
\BOOKMARK [3][-]{subsubsection.8.1.2.1}{\376\377\0008\000.\0001\000.\0002\000.\0001\000\040\000P\000o\000i\000n\000t\000\040\0001\000,\000\040\000O\000r\000g\000a\000n\000i\000s\000a\000t\000i\000o\000n}{subsection.8.1.2}% 220
\BOOKMARK [3][-]{subsubsection.8.1.2.2}{\376\377\0008\000.\0001\000.\0002\000.\0002\000\040\000P\000o\000i\000n\000t\000\040\0002\000,\000\040\000A\000p\000p\000l\000i\000c\000a\000t\000i\000o\000n}{subsection.8.1.2}% 221
\BOOKMARK [3][-]{subsubsection.8.1.2.3}{\376\377\0008\000.\0001\000.\0002\000.\0003\000\040\000P\000o\000i\000n\000t\000\040\0003\000,\000\040\000F\000o\000n\000c\000t\000i\000o\000n\000\040\000i\000n\000f\000o\000r\000m\000a\000t\000i\000q\000u\000e}{subsection.8.1.2}% 222
\BOOKMARK [3][-]{subsubsection.8.1.2.4}{\376\377\0008\000.\0001\000.\0002\000.\0004\000\040\000P\000o\000i\000n\000t\000s\000\040\0004\000,\000\040\0005\000\040\000e\000t\000\040\0006\000,\000\040\000A\000d\000\351\000q\000u\000a\000t\000i\000o\000n\000,\000\040\000P\000e\000r\000f\000o\000r\000m\000a\000n\000c\000e\000,\000\040\000\311\000v\000o\000l\000u\000t\000i\000v\000i\000t\000\351}{subsection.8.1.2}% 223
\BOOKMARK [2][-]{subsection.8.1.3}{\376\377\0008\000.\0001\000.\0003\000\040\000D\000\351\000c\000o\000m\000p\000o\000s\000i\000t\000i\000o\000n\000\040\000i\000l\000l\000u\000s\000t\000r\000\351\000e\000\040\000\050\000N\000i\000v\000e\000a\000u\000x\000\040\0004\000\040\000\340\000\040\0008\000\051}{section.8.1}% 224
\BOOKMARK [1][-]{section.8.2}{\376\377\0008\000.\0002\000\040\000D\000o\000m\000a\000i\000n\000e\000\040\0002\000,\000\040\000A\000u\000d\000i\000t\000\040\000d\000e\000\040\000l\000a\000\040\000F\000o\000n\000c\000t\000i\000o\000n\000\040\000I\000n\000f\000o\000r\000m\000a\000t\000i\000q\000u\000e\000\040\000\050\000D\000S\000I\000\051}{chapter.8}% 225
\BOOKMARK [2][-]{subsection.8.2.1}{\376\377\0008\000.\0002\000.\0001\000\040\000P\000o\000i\000n\000t\000s\000\040\000d\000e\000\040\000c\000o\000n\000t\000r\000\364\000l\000e\000\040\000\050\000N\000i\000v\000e\000a\000u\000\040\0002\000\051}{section.8.2}% 226
\BOOKMARK [2][-]{subsection.8.2.2}{\376\377\0008\000.\0002\000.\0002\000\040\000O\000b\000j\000e\000c\000t\000i\000f\000s\000\040\000d\000e\000\040\000c\000o\000n\000t\000r\000\364\000l\000e\000\040\000p\000a\000r\000\040\000p\000o\000i\000n\000t\000\040\000\050\000N\000i\000v\000e\000a\000u\000\040\0003\000\051}{section.8.2}% 227
\BOOKMARK [3][-]{subsubsection.8.2.2.1}{\376\377\0008\000.\0002\000.\0002\000.\0001\000\040\000P\000o\000i\000n\000t\000\040\0001\000,\000\040\000R\000\364\000l\000e\000\040\000e\000t\000\040\000p\000o\000s\000i\000t\000i\000o\000n\000n\000e\000m\000e\000n\000t}{subsection.8.2.2}% 228
\BOOKMARK [3][-]{subsubsection.8.2.2.2}{\376\377\0008\000.\0002\000.\0002\000.\0002\000\040\000P\000o\000i\000n\000t\000\040\0002\000,\000\040\000P\000l\000a\000n\000i\000f\000i\000c\000a\000t\000i\000o\000n\000\040\000s\000t\000r\000a\000t\000\351\000g\000i\000q\000u\000e}{subsection.8.2.2}% 229
\BOOKMARK [3][-]{subsubsection.8.2.2.3}{\376\377\0008\000.\0002\000.\0002\000.\0003\000\040\000P\000o\000i\000n\000t\000\040\0003\000,\000\040\000B\000u\000d\000g\000e\000t\000s\000\040\000e\000t\000\040\000c\000o\000\373\000t\000s}{subsection.8.2.2}% 230
\BOOKMARK [3][-]{subsubsection.8.2.2.4}{\376\377\0008\000.\0002\000.\0002\000.\0004\000\040\000P\000o\000i\000n\000t\000\040\0004\000,\000\040\000M\000e\000s\000u\000r\000e\000\040\000e\000t\000\040\000s\000u\000i\000v\000i\000\040\000d\000e\000\040\000l\000a\000\040\000p\000e\000r\000f\000o\000r\000m\000a\000n\000c\000e}{subsection.8.2.2}% 231
\BOOKMARK [3][-]{subsubsection.8.2.2.5}{\376\377\0008\000.\0002\000.\0002\000.\0005\000\040\000P\000o\000i\000n\000t\000\040\0005\000,\000\040\000O\000r\000g\000a\000n\000i\000s\000a\000t\000i\000o\000n\000\040\000e\000t\000\040\000s\000t\000r\000u\000c\000t\000u\000r\000e\000\040\000d\000e\000\040\000l\000a\000\040\000D\000S\000I}{subsection.8.2.2}% 232
\BOOKMARK [3][-]{subsubsection.8.2.2.6}{\376\377\0008\000.\0002\000.\0002\000.\0006\000\040\000P\000o\000i\000n\000t\000\040\0006\000,\000\040\000C\000a\000d\000r\000e\000\040\000l\000\351\000g\000i\000s\000l\000a\000t\000i\000f\000\040\000e\000t\000\040\000r\000\351\000g\000l\000e\000m\000e\000n\000t\000a\000i\000r\000e\000\040\000c\000a\000m\000e\000r\000o\000u\000n\000a\000i\000s}{subsection.8.2.2}% 233
\BOOKMARK [2][-]{subsection.8.2.3}{\376\377\0008\000.\0002\000.\0003\000\040\000D\000\351\000c\000o\000m\000p\000o\000s\000i\000t\000i\000o\000n\000\040\000i\000l\000l\000u\000s\000t\000r\000\351\000e\000\040\000\050\000N\000i\000v\000e\000a\000u\000x\000\040\0004\000\040\000\340\000\040\0008\000\051}{section.8.2}% 234
\BOOKMARK [1][-]{section.8.3}{\376\377\0008\000.\0003\000\040\000D\000o\000m\000a\000i\000n\000e\000\040\0003\000,\000\040\000A\000u\000d\000i\000t\000\040\000d\000e\000s\000\040\000P\000r\000o\000j\000e\000t\000s\000\040\000I\000n\000f\000o\000r\000m\000a\000t\000i\000q\000u\000e\000s}{chapter.8}% 235
\BOOKMARK [2][-]{subsection.8.3.1}{\376\377\0008\000.\0003\000.\0001\000\040\000P\000o\000i\000n\000t\000s\000\040\000d\000e\000\040\000c\000o\000n\000t\000r\000\364\000l\000e\000\040\000\050\000N\000i\000v\000e\000a\000u\000\040\0002\000\051}{section.8.3}% 236
\BOOKMARK [2][-]{subsection.8.3.2}{\376\377\0008\000.\0003\000.\0002\000\040\000O\000b\000j\000e\000c\000t\000i\000f\000s\000\040\000d\000e\000\040\000c\000o\000n\000t\000r\000\364\000l\000e\000\040\000p\000a\000r\000\040\000p\000o\000i\000n\000t\000\040\000\050\000s\000\351\000l\000e\000c\000t\000i\000o\000n\000,\000\040\000N\000i\000v\000e\000a\000u\000x\000\040\0003\000\051}{section.8.3}% 237
\BOOKMARK [3][-]{subsubsection.8.3.2.1}{\376\377\0008\000.\0003\000.\0002\000.\0001\000\040\000P\000o\000i\000n\000t\000s\000\040\0001\040\023\0003\000\040\000:\000\040\000E\000n\000j\000e\000u\000x\000,\000\040\000B\000e\000s\000o\000i\000n\000s\000,\000\040\000P\000l\000a\000n\000i\000f\000i\000c\000a\000t\000i\000o\000n}{subsection.8.3.2}% 238
\BOOKMARK [3][-]{subsubsection.8.3.2.2}{\376\377\0008\000.\0003\000.\0002\000.\0002\000\040\000P\000o\000i\000n\000t\000s\000\040\0004\040\023\0006\000\040\000:\000\040\000P\000i\000l\000o\000t\000a\000g\000e\000,\000\040\000M\000\351\000t\000h\000o\000d\000e\000s\000,\000\040\000Q\000u\000a\000l\000i\000t\000\351}{subsection.8.3.2}% 239
\BOOKMARK [3][-]{subsubsection.8.3.2.3}{\376\377\0008\000.\0003\000.\0002\000.\0003\000\040\000P\000o\000i\000n\000t\000s\000\040\0007\040\023\0001\0000\000\040\000:\000\040\000C\000o\000n\000c\000e\000p\000t\000i\000o\000n\000,\000\040\000D\000\351\000v\000e\000l\000o\000p\000p\000e\000m\000e\000n\000t\000,\000\040\000T\000e\000s\000t\000s}{subsection.8.3.2}% 240
\BOOKMARK [3][-]{subsubsection.8.3.2.4}{\376\377\0008\000.\0003\000.\0002\000.\0004\000\040\000P\000o\000i\000n\000t\000s\000\040\0001\0001\040\023\0001\0005\000\040\000:\000\040\000C\000h\000a\000n\000g\000e\000m\000e\000n\000t\000,\000\040\000D\000o\000c\000u\000m\000e\000n\000t\000a\000t\000i\000o\000n\000,\000\040\000P\000r\000o\000d\000u\000c\000t\000i\000o\000n}{subsection.8.3.2}% 241
\BOOKMARK [2][-]{subsection.8.3.3}{\376\377\0008\000.\0003\000.\0003\000\040\000D\000\351\000c\000o\000m\000p\000o\000s\000i\000t\000i\000o\000n\000\040\000i\000l\000l\000u\000s\000t\000r\000\351\000e\000\040\000\050\000N\000i\000v\000e\000a\000u\000x\000\040\0004\000\040\000\340\000\040\0008\000\051}{section.8.3}% 242
\BOOKMARK [1][-]{section.8.4}{\376\377\0008\000.\0004\000\040\000D\000o\000m\000a\000i\000n\000e\000\040\0004\000,\000\040\000A\000u\000d\000i\000t\000\040\000d\000u\000\040\000S\000u\000p\000p\000o\000r\000t\000\040\000U\000t\000i\000l\000i\000s\000a\000t\000e\000u\000r\000\040\000e\000t\000\040\000d\000e\000\040\000l\000a\000\040\000G\000e\000s\000t\000i\000o\000n\000\040\000d\000u\000\040\000P\000a\000r\000c}{chapter.8}% 243
\BOOKMARK [2][-]{subsection.8.4.1}{\376\377\0008\000.\0004\000.\0001\000\040\000P\000o\000i\000n\000t\000s\000\040\000d\000e\000\040\000c\000o\000n\000t\000r\000\364\000l\000e\000\040\000\050\000N\000i\000v\000e\000a\000u\000\040\0002\000\051}{section.8.4}% 244
\BOOKMARK [2][-]{subsection.8.4.2}{\376\377\0008\000.\0004\000.\0002\000\040\000O\000b\000j\000e\000c\000t\000i\000f\000s\000\040\000d\000e\000\040\000c\000o\000n\000t\000r\000\364\000l\000e\000\040\000p\000a\000r\000\040\000p\000o\000i\000n\000t\000\040\000\050\000N\000i\000v\000e\000a\000u\000\040\0003\000\051}{section.8.4}% 245
\BOOKMARK [3][-]{subsubsection.8.4.2.1}{\376\377\0008\000.\0004\000.\0002\000.\0001\000\040\000P\000o\000i\000n\000t\000\040\0001\000,\000\040\000F\000o\000n\000c\000t\000i\000o\000n\000\040\000s\000u\000p\000p\000o\000r\000t\000\040\000:\000\040\000f\000i\000a\000b\000i\000l\000i\000t\000\351\000\040\000e\000t\000\040\000s\000\351\000c\000u\000r\000i\000t\000\351}{subsection.8.4.2}% 246
\BOOKMARK [3][-]{subsubsection.8.4.2.2}{\376\377\0008\000.\0004\000.\0002\000.\0002\000\040\000P\000o\000i\000n\000t\000\040\0002\000,\000\040\000F\000o\000n\000c\000t\000i\000o\000n\000\040\000s\000u\000p\000p\000o\000r\000t\000\040\000:\000\040\000e\000f\000f\000i\000c\000a\000c\000i\000t\000\351\000\040\000e\000t\000\040\000p\000e\000r\000f\000o\000r\000m\000a\000n\000c\000e}{subsection.8.4.2}% 247
\BOOKMARK [3][-]{subsubsection.8.4.2.3}{\376\377\0008\000.\0004\000.\0002\000.\0003\000\040\000P\000o\000i\000n\000t\000\040\0003\000,\000\040\000G\000e\000s\000t\000i\000o\000n\000\040\000d\000u\000\040\000p\000a\000r\000c\000\040\000:\000\040\000f\000i\000a\000b\000i\000l\000i\000t\000\351\000\040\000e\000t\000\040\000s\000\351\000c\000u\000r\000i\000t\000\351}{subsection.8.4.2}% 248
\BOOKMARK [3][-]{subsubsection.8.4.2.4}{\376\377\0008\000.\0004\000.\0002\000.\0004\000\040\000P\000o\000i\000n\000t\000\040\0004\000,\000\040\000G\000e\000s\000t\000i\000o\000n\000\040\000d\000u\000\040\000p\000a\000r\000c\000\040\000:\000\040\000e\000f\000f\000i\000c\000a\000c\000i\000t\000\351\000\040\000e\000t\000\040\000p\000e\000r\000f\000o\000r\000m\000a\000n\000c\000e}{subsection.8.4.2}% 249
\BOOKMARK [2][-]{subsection.8.4.3}{\376\377\0008\000.\0004\000.\0003\000\040\000D\000\351\000c\000o\000m\000p\000o\000s\000i\000t\000i\000o\000n\000\040\000i\000l\000l\000u\000s\000t\000r\000\351\000e\000\040\000\050\000N\000i\000v\000e\000a\000u\000x\000\040\0004\000\040\000\340\000\040\0008\000\051}{section.8.4}% 250
\BOOKMARK [1][-]{section.8.5}{\376\377\0008\000.\0005\000\040\000D\000o\000m\000a\000i\000n\000e\000\040\0005\000,\000\040\000A\000u\000d\000i\000t\000\040\000d\000e\000\040\000S\000\351\000c\000u\000r\000i\000t\000\351\000\040\000I\000n\000f\000o\000r\000m\000a\000t\000i\000q\000u\000e}{chapter.8}% 251
\BOOKMARK [2][-]{subsection.8.5.1}{\376\377\0008\000.\0005\000.\0001\000\040\000P\000o\000i\000n\000t\000s\000\040\000d\000e\000\040\000c\000o\000n\000t\000r\000\364\000l\000e\000\040\000\050\000N\000i\000v\000e\000a\000u\000\040\0002\000\051}{section.8.5}% 252
\BOOKMARK [2][-]{subsection.8.5.2}{\376\377\0008\000.\0005\000.\0002\000\040\000O\000b\000j\000e\000c\000t\000i\000f\000s\000\040\000d\000e\000\040\000c\000o\000n\000t\000r\000\364\000l\000e\000\040\000p\000a\000r\000\040\000p\000o\000i\000n\000t\000\040\000\050\000N\000i\000v\000e\000a\000u\000\040\0003\000\051}{section.8.5}% 253
\BOOKMARK [3][-]{subsubsection.8.5.2.1}{\376\377\0008\000.\0005\000.\0002\000.\0001\000\040\000P\000o\000i\000n\000t\000\040\0001\000,\000\040\000F\000a\000c\000t\000e\000u\000r\000s\000\040\000c\000l\000\351\000s\000\040\000d\000e\000\040\000s\000u\000c\000c\000\350\000s}{subsection.8.5.2}% 254
\BOOKMARK [3][-]{subsubsection.8.5.2.2}{\376\377\0008\000.\0005\000.\0002\000.\0002\000\040\000P\000o\000i\000n\000t\000\040\0002\000,\000\040\000P\000o\000l\000i\000t\000i\000q\000u\000e\000\040\000d\000e\000\040\000s\000\351\000c\000u\000r\000i\000t\000\351}{subsection.8.5.2}% 255
\BOOKMARK [3][-]{subsubsection.8.5.2.3}{\376\377\0008\000.\0005\000.\0002\000.\0003\000\040\000P\000o\000i\000n\000t\000\040\0003\000,\000\040\000O\000r\000g\000a\000n\000i\000s\000a\000t\000i\000o\000n\000\040\000d\000e\000\040\000l\000a\000\040\000s\000\351\000c\000u\000r\000i\000t\000\351}{subsection.8.5.2}% 256
\BOOKMARK [3][-]{subsubsection.8.5.2.4}{\376\377\0008\000.\0005\000.\0002\000.\0004\000\040\000P\000o\000i\000n\000t\000\040\0004\000,\000\040\000C\000l\000a\000s\000s\000i\000f\000i\000c\000a\000t\000i\000o\000n\000\040\000e\000t\000\040\000c\000o\000n\000t\000r\000\364\000l\000e\000\040\000d\000e\000s\000\040\000a\000c\000t\000i\000f\000s}{subsection.8.5.2}% 257
\BOOKMARK [3][-]{subsubsection.8.5.2.5}{\376\377\0008\000.\0005\000.\0002\000.\0005\000\040\000P\000o\000i\000n\000t\000\040\0005\000,\000\040\000S\000\351\000c\000u\000r\000i\000t\000\351\000\040\000d\000u\000\040\000p\000e\000r\000s\000o\000n\000n\000e\000l}{subsection.8.5.2}% 258
\BOOKMARK [3][-]{subsubsection.8.5.2.6}{\376\377\0008\000.\0005\000.\0002\000.\0006\000\040\000P\000o\000i\000n\000t\000\040\0006\000,\000\040\000G\000e\000s\000t\000i\000o\000n\000\040\000d\000e\000s\000\040\000c\000o\000m\000m\000u\000n\000i\000c\000a\000t\000i\000o\000n\000s\000\040\000e\000t\000\040\000d\000e\000s\000\040\000o\000p\000\351\000r\000a\000t\000i\000o\000n\000s}{subsection.8.5.2}% 259
\BOOKMARK [3][-]{subsubsection.8.5.2.7}{\376\377\0008\000.\0005\000.\0002\000.\0007\000\040\000P\000o\000i\000n\000t\000\040\0007\000,\000\040\000C\000o\000n\000f\000o\000r\000m\000i\000t\000\351}{subsection.8.5.2}% 260
\BOOKMARK [3][-]{subsubsection.8.5.2.8}{\376\377\0008\000.\0005\000.\0002\000.\0008\000\040\000P\000o\000i\000n\000t\000\040\0008\000,\000\040\000G\000e\000s\000t\000i\000o\000n\000\040\000d\000e\000s\000\040\000i\000d\000e\000n\000t\000i\000f\000i\000a\000n\000t\000s\000\040\000e\000t\000\040\000d\000e\000s\000\040\000m\000o\000t\000s\000\040\000d\000e\000\040\000p\000a\000s\000s\000e}{subsection.8.5.2}% 261
\BOOKMARK [3][-]{subsubsection.8.5.2.9}{\376\377\0008\000.\0005\000.\0002\000.\0009\000\040\000P\000o\000i\000n\000t\000\040\0009\000,\000\040\000C\000o\000n\000t\000r\000\364\000l\000e\000\040\000d\000e\000s\000\040\000a\000c\000c\000\350\000s}{subsection.8.5.2}% 262
\BOOKMARK [3][-]{subsubsection.8.5.2.10}{\376\377\0008\000.\0005\000.\0002\000.\0001\0000\000\040\000P\000o\000i\000n\000t\000\040\0001\0000\000,\000\040\000D\000\351\000v\000e\000l\000o\000p\000p\000e\000m\000e\000n\000t\000\040\000e\000t\000\040\000m\000a\000i\000n\000t\000e\000n\000a\000n\000c\000e\000\040\000d\000e\000s\000\040\000s\000y\000s\000t\000\350\000m\000e\000s}{subsection.8.5.2}% 263
\BOOKMARK [2][-]{subsection.8.5.3}{\376\377\0008\000.\0005\000.\0003\000\040\000D\000\351\000c\000o\000m\000p\000o\000s\000i\000t\000i\000o\000n\000\040\000i\000l\000l\000u\000s\000t\000r\000\351\000e\000\040\000\050\000N\000i\000v\000e\000a\000u\000x\000\040\0004\000\040\000\340\000\040\0008\000\051}{section.8.5}% 264
\BOOKMARK [1][-]{section.8.6}{\376\377\0008\000.\0006\000\040\000D\000o\000m\000a\000i\000n\000e\000\040\0006\000,\000\040\000A\000u\000d\000i\000t\000\040\000d\000e\000\040\000l\000a\000\040\000F\000o\000n\000c\000t\000i\000o\000n\000\040\000\311\000t\000u\000d\000e\000\040\000\050\000D\000\351\000v\000e\000l\000o\000p\000p\000e\000m\000e\000n\000t\000\051}{chapter.8}% 265
\BOOKMARK [2][-]{subsection.8.6.1}{\376\377\0008\000.\0006\000.\0001\000\040\000P\000o\000i\000n\000t\000s\000\040\000d\000e\000\040\000c\000o\000n\000t\000r\000\364\000l\000e\000\040\000\050\000N\000i\000v\000e\000a\000u\000\040\0002\000\051}{section.8.6}% 266
\BOOKMARK [2][-]{subsection.8.6.2}{\376\377\0008\000.\0006\000.\0002\000\040\000O\000b\000j\000e\000c\000t\000i\000f\000s\000\040\000d\000e\000\040\000c\000o\000n\000t\000r\000\364\000l\000e\000\040\000p\000a\000r\000\040\000p\000o\000i\000n\000t\000\040\000\050\000N\000i\000v\000e\000a\000u\000\040\0003\000\051}{section.8.6}% 267
\BOOKMARK [3][-]{subsubsection.8.6.2.1}{\376\377\0008\000.\0006\000.\0002\000.\0001\000\040\000P\000o\000i\000n\000t\000\040\0001\000,\000\040\000A\000c\000t\000i\000v\000i\000t\000\351\000\040\000d\000e\000\040\000p\000i\000l\000o\000t\000a\000g\000e}{subsection.8.6.2}% 268
\BOOKMARK [3][-]{subsubsection.8.6.2.2}{\376\377\0008\000.\0006\000.\0002\000.\0002\000\040\000P\000o\000i\000n\000t\000\040\0002\000,\000\040\000A\000c\000t\000i\000v\000i\000t\000\351\000s\000\040\000o\000p\000\351\000r\000a\000t\000i\000o\000n\000n\000e\000l\000l\000e\000s}{subsection.8.6.2}% 269
\BOOKMARK [3][-]{subsubsection.8.6.2.3}{\376\377\0008\000.\0006\000.\0002\000.\0003\000\040\000P\000o\000i\000n\000t\000\040\0003\000,\000\040\000D\000\351\000v\000e\000l\000o\000p\000p\000e\000m\000e\000n\000t\000\040\000d\000e\000s\000\040\000a\000p\000p\000l\000i\000c\000a\000t\000i\000o\000n\000s\000\040\000s\000p\000\351\000c\000i\000f\000i\000q\000u\000e\000s}{subsection.8.6.2}% 270
\BOOKMARK [2][-]{subsection.8.6.3}{\376\377\0008\000.\0006\000.\0003\000\040\000D\000\351\000c\000o\000m\000p\000o\000s\000i\000t\000i\000o\000n\000\040\000i\000l\000l\000u\000s\000t\000r\000\351\000e\000\040\000\050\000N\000i\000v\000e\000a\000u\000x\000\040\0004\000\040\000\340\000\040\0008\000\051}{section.8.6}% 271
\BOOKMARK [1][-]{section.8.7}{\376\377\0008\000.\0007\000\040\000E\000x\000e\000r\000c\000i\000c\000e\000\040\000d\000e\000\040\000s\000y\000n\000t\000h\000\350\000s\000e\000,\000\040\000C\000o\000n\000s\000t\000r\000u\000c\000t\000i\000o\000n\000\040\000d\000e\000\040\000l\000a\000\040\000g\000r\000i\000l\000l\000e\000\040\000c\000o\000m\000p\000l\000\350\000t\000e}{chapter.8}% 272
\BOOKMARK [-1][-]{part.4}{\376\377\000I\000V\000\040\000E\000n\000j\000e\000u\000x\000\040\000C\000o\000n\000t\000e\000m\000p\000o\000r\000a\000i\000n\000s\000\040\000e\000t\000\040\000\311\000v\000a\000l\000u\000a\000t\000i\000o\000n}{}% 273
\BOOKMARK [0][-]{chapter.9}{\376\377\0009\000\040\000S\000u\000j\000e\000t\000s\000\040\000C\000o\000n\000n\000e\000x\000e\000s\000\040\000:\000\040\000I\000A\000\040\000e\000t\000\040\000F\000r\000a\000u\000d\000e\000\040\000d\000a\000n\000s\000\040\000l\000e\000s\000\040\000S\000I}{part.4}% 274
\BOOKMARK [1][-]{section.9.1}{\376\377\0009\000.\0001\000\040\000L\000'\000I\000n\000t\000e\000l\000l\000i\000g\000e\000n\000c\000e\000\040\000A\000r\000t\000i\000f\000i\000c\000i\000e\000l\000l\000e\000\040\000e\000t\000\040\000l\000'\000A\000u\000d\000i\000t}{chapter.9}% 275
\BOOKMARK [2][-]{subsection.9.1.1}{\376\377\0009\000.\0001\000.\0001\000\040\000L\000e\000\040\000R\000\364\000l\000e\000\040\000e\000t\000\040\000l\000'\000I\000m\000p\000a\000c\000t\000\040\000d\000e\000\040\000l\000'\000I\000A\000\040\000d\000a\000n\000s\000\040\000l\000e\000s\000\040\000S\000I}{section.9.1}% 276
\BOOKMARK [2][-]{subsection.9.1.2}{\376\377\0009\000.\0001\000.\0002\000\040\000L\000e\000s\000\040\000R\000i\000s\000q\000u\000e\000s\000\040\000L\000i\000\351\000s\000\040\000\340\000\040\000l\000'\000I\000A}{section.9.1}% 277
\BOOKMARK [2][-]{subsection.9.1.3}{\376\377\0009\000.\0001\000.\0003\000\040\000E\000n\000j\000e\000u\000x\000\040\000p\000o\000u\000r\000\040\000l\000'\000A\000u\000d\000i\000t\000e\000u\000r}{section.9.1}% 278
\BOOKMARK [1][-]{section.9.2}{\376\377\0009\000.\0002\000\040\000L\000a\000\040\000F\000r\000a\000u\000d\000e\000\040\000d\000a\000n\000s\000\040\000e\000t\000\040\000p\000a\000r\000\040\000l\000e\000s\000\040\000S\000y\000s\000t\000\350\000m\000e\000s\000\040\000d\000'\000I\000n\000f\000o\000r\000m\000a\000t\000i\000o\000n}{chapter.9}% 279
\BOOKMARK [2][-]{subsection.9.2.1}{\376\377\0009\000.\0002\000.\0001\000\040\000N\000a\000t\000u\000r\000e\000\040\000d\000e\000\040\000l\000a\000\040\000F\000r\000a\000u\000d\000e\000\040\000I\000n\000f\000o\000r\000m\000a\000t\000i\000q\000u\000e}{section.9.2}% 280
\BOOKMARK [2][-]{subsection.9.2.2}{\376\377\0009\000.\0002\000.\0002\000\040\000L\000'\000I\000m\000p\000a\000c\000t\000\040\000d\000e\000\040\000l\000a\000\040\000F\000r\000a\000u\000d\000e}{section.9.2}% 281
\BOOKMARK [2][-]{subsection.9.2.3}{\376\377\0009\000.\0002\000.\0003\000\040\000L\000e\000s\000\040\000P\000a\000r\000a\000d\000e\000s\000\040\000\050\000D\000i\000s\000p\000o\000s\000i\000t\000i\000f\000s\000\040\000A\000n\000t\000i\000-\000F\000r\000a\000u\000d\000e\000\051}{section.9.2}% 282
\BOOKMARK [3][-]{subsubsection.9.2.3.1}{\376\377\0009\000.\0002\000.\0003\000.\0001\000\040\000C\000o\000n\000t\000r\000\364\000l\000e\000s\000\040\000P\000r\000\351\000v\000e\000n\000t\000i\000f\000s}{subsection.9.2.3}% 283
\BOOKMARK [3][-]{subsubsection.9.2.3.2}{\376\377\0009\000.\0002\000.\0003\000.\0002\000\040\000C\000o\000n\000t\000r\000\364\000l\000e\000s\000\040\000D\000\351\000t\000e\000c\000t\000i\000f\000s}{subsection.9.2.3}% 284
\BOOKMARK [2][-]{subsection.9.2.4}{\376\377\0009\000.\0002\000.\0004\000\040\000L\000e\000\040\000C\000a\000d\000r\000e\000\040\000R\000\351\000g\000l\000e\000m\000e\000n\000t\000a\000i\000r\000e\000\040\000:\000\040\000L\000'\000I\000A\000\040\000A\000c\000t\000\040\000e\000t\000\040\000l\000a\000\040\000C\000l\000a\000s\000s\000i\000f\000i\000c\000a\000t\000i\000o\000n\000\040\000d\000e\000s\000\040\000R\000i\000s\000q\000u\000e\000s}{section.9.2}% 285
\BOOKMARK [1][-]{section.9.3}{\376\377\0009\000.\0003\000\040\000L\000'\000A\000u\000d\000i\000t\000\040\000F\000o\000r\000e\000n\000s\000i\000c\000s\000\040\000:\000\040\000D\000e\000\040\000l\000a\000\040\000C\000o\000n\000s\000t\000a\000t\000a\000t\000i\000o\000n\000\040\000\340\000\040\000l\000a\000\040\000P\000r\000e\000u\000v\000e\000\040\000J\000u\000d\000i\000c\000i\000a\000i\000r\000e}{chapter.9}% 286
\BOOKMARK [2][-]{subsection.9.3.1}{\376\377\0009\000.\0003\000.\0001\000\040\000L\000a\000\040\000C\000h\000a\000\356\000n\000e\000\040\000d\000e\000\040\000G\000a\000r\000d\000e\000\040\000\050\000C\000h\000a\000i\000n\000\040\000o\000f\000\040\000C\000u\000s\000t\000o\000d\000y\000\051}{section.9.3}% 287
\BOOKMARK [2][-]{subsection.9.3.2}{\376\377\0009\000.\0003\000.\0002\000\040\000P\000r\000i\000n\000c\000i\000p\000e\000s\000\040\000d\000e\000\040\000S\000a\000i\000s\000i\000e\000\040\000d\000e\000\040\000P\000r\000e\000u\000v\000e\000\040\000N\000u\000m\000\351\000r\000i\000q\000u\000e}{section.9.3}% 288
\BOOKMARK [2][-]{subsection.9.3.3}{\376\377\0009\000.\0003\000.\0003\000\040\000S\000c\000h\000\351\000m\000a\000t\000i\000s\000a\000t\000i\000o\000n\000\040\000:\000\040\000L\000e\000\040\000T\000r\000i\000a\000n\000g\000l\000e\000\040\000d\000e\000\040\000l\000a\000\040\000F\000r\000a\000u\000d\000e}{section.9.3}% 289
\BOOKMARK [0][-]{chapter.10}{\376\377\0001\0000\000\040\000\311\000v\000a\000l\000u\000a\000t\000i\000o\000n\000\040\000F\000i\000n\000a\000l\000e\000\040\000d\000u\000\040\000C\000o\000u\000r\000s}{part.4}% 290
\BOOKMARK [1][-]{section.10.1}{\376\377\0001\0000\000.\0001\000\040\000P\000a\000r\000t\000i\000e\000\040\000A\000\040\000:\000\040\000Q\000C\000M\000\040\000\050\000C\000h\000o\000i\000x\000\040\000M\000u\000l\000t\000i\000p\000l\000e\000s\000\051}{chapter.10}% 291
\BOOKMARK [1][-]{section.10.2}{\376\377\0001\0000\000.\0002\000\040\000P\000a\000r\000t\000i\000e\000\040\000B\000\040\000:\000\040\000V\000r\000a\000i\000\040\000o\000u\000\040\000F\000a\000u\000x}{chapter.10}% 292
\BOOKMARK [1][-]{section.10.3}{\376\377\0001\0000\000.\0003\000\040\000P\000a\000r\000t\000i\000e\000\040\000C\000\040\000:\000\040\000Q\000u\000e\000s\000t\000i\000o\000n\000s\000\040\000O\000u\000v\000e\000r\000t\000e\000s}{chapter.10}% 293
\BOOKMARK [1][-]{section.10.4}{\376\377\0001\0000\000.\0004\000\040\000P\000a\000r\000t\000i\000e\000\040\000D\000\040\000:\000\040\000C\000a\000s\000\040\000P\000r\000a\000t\000i\000q\000u\000e\000\040\000\050\000\311\000t\000u\000d\000e\000\040\000d\000e\000\040\000C\000a\000s\000\051}{chapter.10}% 294
\BOOKMARK [2][-]{subsection.10.4.1}{\376\377\0001\0000\000.\0004\000.\0001\000\040\000S\000c\000\351\000n\000a\000r\000i\000o\000\040\000:\000\040\000A\000u\000d\000i\000t\000\040\000d\000e\000\040\000l\000'\000A\000p\000p\000l\000i\000c\000a\000t\000i\000o\000n\000\040\000"\000C\000o\000m\000p\000t\000a\000b\000i\000l\000i\000t\000\351\000"\000\040\000d\000e\000\040\000L\000i\000z\000b\000i\000z\000'\000s}{section.10.4}% 295
\BOOKMARK [-1][-]{part.5}{\376\377\000V\000\040\000T\000r\000a\000v\000a\000u\000x\000\040\000P\000r\000a\000t\000i\000q\000u\000e\000s\000\040\000I\000m\000m\000e\000r\000s\000i\000f\000s}{}% 296
\BOOKMARK [0][-]{chapter.11}{\376\377\0001\0001\000\040\000L\000a\000b\000o\000r\000a\000t\000o\000i\000r\000e\000\040\0001\000\040\000:\000\040\000A\000u\000d\000i\000t\000\040\000d\000'\000u\000n\000e\000\040\000A\000p\000p\000l\000i\000c\000a\000t\000i\000o\000n\000\040\000e\000n\000\040\000S\000e\000r\000v\000i\000c\000e}{part.5}% 297
\BOOKMARK [1][-]{section.11.1}{\376\377\0001\0001\000.\0001\000\040\000O\000b\000j\000e\000c\000t\000i\000f\000s\000\040\000d\000u\000\040\000T\000P}{chapter.11}% 298
\BOOKMARK [1][-]{section.11.2}{\376\377\0001\0001\000.\0002\000\040\000\311\000t\000a\000p\000e\000\040\0001\000\040\000:\000\040\000P\000r\000\351\000p\000a\000r\000a\000t\000i\000o\000n\000\040\000d\000e\000\040\000l\000'\000E\000n\000v\000i\000r\000o\000n\000n\000e\000m\000e\000n\000t\000\040\000\050\000B\000a\000s\000e\000\040\000d\000e\000\040\000D\000o\000n\000n\000\351\000e\000s\000\051}{chapter.11}% 299
\BOOKMARK [2][-]{subsection.11.2.1}{\376\377\0001\0001\000.\0002\000.\0001\000\040\000C\000r\000\351\000a\000t\000i\000o\000n\000\040\000d\000u\000\040\000S\000c\000h\000\351\000m\000a\000\040\000R\000e\000l\000a\000t\000i\000o\000n\000n\000e\000l}{section.11.2}% 300
\BOOKMARK [2][-]{subsection.11.2.2}{\376\377\0001\0001\000.\0002\000.\0002\000\040\000C\000h\000a\000r\000g\000e\000m\000e\000n\000t\000\040\000d\000e\000s\000\040\000D\000o\000n\000n\000\351\000e\000s\000\040\000d\000e\000\040\000T\000e\000s\000t}{section.11.2}% 301
\BOOKMARK [1][-]{section.11.3}{\376\377\0001\0001\000.\0003\000\040\000\311\000t\000a\000p\000e\000\040\0002\000\040\000:\000\040\000\311\000v\000a\000l\000u\000a\000t\000i\000o\000n\000\040\000d\000u\000\040\000C\000o\000n\000t\000r\000\364\000l\000e\000\040\000I\000n\000t\000e\000r\000n\000e\000\040\000\050\000C\000O\000S\000O\000\051}{chapter.11}% 302
\BOOKMARK [2][-]{subsection.11.3.1}{\376\377\0001\0001\000.\0003\000.\0001\000\040\000D\000o\000m\000a\000i\000n\000e\000\040\000:\000\040\000E\000n\000v\000i\000r\000o\000n\000n\000e\000m\000e\000n\000t\000\040\000d\000e\000\040\000C\000o\000n\000t\000r\000\364\000l\000e}{section.11.3}% 303
\BOOKMARK [2][-]{subsection.11.3.2}{\376\377\0001\0001\000.\0003\000.\0002\000\040\000D\000o\000m\000a\000i\000n\000e\000\040\000:\000\040\000A\000c\000t\000i\000v\000i\000t\000\351\000s\000\040\000d\000e\000\040\000C\000o\000n\000t\000r\000\364\000l\000e\000\040\000\050\000S\000\351\000p\000a\000r\000a\000t\000i\000o\000n\000\040\000d\000e\000s\000\040\000T\000\342\000c\000h\000e\000s\000\051}{section.11.3}% 304
\BOOKMARK [1][-]{section.11.4}{\376\377\0001\0001\000.\0004\000\040\000\311\000t\000a\000p\000e\000\040\0003\000\040\000:\000\040\000A\000u\000d\000i\000t\000\040\000d\000e\000s\000\040\000D\000o\000n\000n\000\351\000e\000s\000\040\000\050\000T\000e\000s\000t\000s\000\040\000S\000u\000b\000s\000t\000a\000n\000t\000i\000f\000s\000\051}{chapter.11}% 305
\BOOKMARK [2][-]{subsection.11.4.1}{\376\377\0001\0001\000.\0004\000.\0001\000\040\000T\000e\000s\000t\000\040\000d\000'\000I\000n\000t\000\351\000g\000r\000i\000t\000\351\000\040\000:\000\040\000R\000e\000c\000h\000e\000r\000c\000h\000e\000\040\000d\000e\000\040\000D\000o\000u\000b\000l\000o\000n\000s}{section.11.4}% 306
\BOOKMARK [2][-]{subsection.11.4.2}{\376\377\0001\0001\000.\0004\000.\0002\000\040\000T\000e\000s\000t\000\040\000d\000e\000\040\000C\000o\000h\000\351\000r\000e\000n\000c\000e\000\040\000:\000\040\000E\000q\000u\000i\000l\000i\000b\000r\000e\000\040\000J\000o\000u\000r\000n\000a\000l}{section.11.4}% 307
\BOOKMARK [2][-]{subsection.11.4.3}{\376\377\0001\0001\000.\0004\000.\0003\000\040\000T\000e\000s\000t\000\040\000d\000e\000\040\000C\000o\000n\000v\000e\000n\000t\000i\000o\000n\000\040\000:\000\040\000S\000e\000u\000i\000l\000\040\000d\000e\000\040\000V\000a\000l\000i\000d\000a\000t\000i\000o\000n}{section.11.4}% 308
\BOOKMARK [1][-]{section.11.5}{\376\377\0001\0001\000.\0005\000\040\000\311\000t\000a\000p\000e\000\040\0004\000\040\000:\000\040\000R\000a\000p\000p\000o\000r\000t\000\040\000d\000'\000A\000u\000d\000i\000t}{chapter.11}% 309
\BOOKMARK [2][-]{subsection.11.5.1}{\376\377\0001\0001\000.\0005\000.\0001\000\040\000R\000\351\000d\000a\000c\000t\000i\000o\000n\000\040\000d\000e\000s\000\040\000O\000b\000s\000e\000r\000v\000a\000t\000i\000o\000n\000s}{section.11.5}% 310
\BOOKMARK [1][-]{section.11.6}{\376\377\0001\0001\000.\0006\000\040\000L\000i\000v\000r\000a\000b\000l\000e\000s\000\040\000\340\000\040\000r\000e\000n\000d\000r\000e}{chapter.11}% 311
\BOOKMARK [0][-]{chapter.12}{\376\377\0001\0002\000\040\000L\000a\000b\000o\000r\000a\000t\000o\000i\000r\000e\000\040\0002\000\040\000:\000\040\000A\000u\000d\000i\000t\000\040\000d\000e\000\040\000S\000\351\000c\000u\000r\000i\000t\000\351\000\040\000d\000'\000u\000n\000e\000\040\000I\000n\000f\000r\000a\000s\000t\000r\000u\000c\000t\000u\000r\000e}{part.5}% 312
\BOOKMARK [1][-]{section.12.1}{\376\377\0001\0002\000.\0001\000\040\000O\000b\000j\000e\000c\000t\000i\000f\000s\000\040\000d\000u\000\040\000T\000P}{chapter.12}% 313
\BOOKMARK [1][-]{section.12.2}{\376\377\0001\0002\000.\0002\000\040\000\311\000t\000a\000p\000e\000\040\0001\000\040\000:\000\040\000A\000n\000a\000l\000y\000s\000e\000\040\000d\000e\000\040\000l\000'\000A\000r\000c\000h\000i\000t\000e\000c\000t\000u\000r\000e\000\040\000\050\000R\000e\000v\000u\000e\000\040\000D\000o\000c\000u\000m\000e\000n\000t\000a\000i\000r\000e\000\051}{chapter.12}% 314
\BOOKMARK [2][-]{subsection.12.2.1}{\376\377\0001\0002\000.\0002\000.\0001\000\040\000P\000r\000\351\000s\000e\000n\000t\000a\000t\000i\000o\000n\000\040\000d\000e\000\040\000l\000'\000I\000n\000f\000r\000a\000s\000t\000r\000u\000c\000t\000u\000r\000e\000\040\000L\000i\000Z\000b\000i\000Z}{section.12.2}% 315
\BOOKMARK [2][-]{subsection.12.2.2}{\376\377\0001\0002\000.\0002\000.\0002\000\040\000T\000r\000a\000v\000a\000i\000l\000\040\000D\000e\000m\000a\000n\000d\000\351\000\040\000:\000\040\000A\000n\000a\000l\000y\000s\000e\000\040\000d\000e\000\040\000l\000a\000\040\000C\000a\000r\000t\000o\000g\000r\000a\000p\000h\000i\000e}{section.12.2}% 316
\BOOKMARK [1][-]{section.12.3}{\376\377\0001\0002\000.\0003\000\040\000\311\000t\000a\000p\000e\000\040\0002\000\040\000:\000\040\000D\000\351\000c\000o\000u\000v\000e\000r\000t\000e\000\040\000e\000t\000\040\000C\000a\000r\000t\000o\000g\000r\000a\000p\000h\000i\000e\000\040\000R\000\351\000e\000l\000l\000e\000\040\000\050\000N\000m\000a\000p\000\051}{chapter.12}% 317
\BOOKMARK [2][-]{subsection.12.3.1}{\376\377\0001\0002\000.\0003\000.\0001\000\040\000S\000c\000a\000n\000\040\000d\000e\000\040\000D\000\351\000c\000o\000u\000v\000e\000r\000t\000e}{section.12.3}% 318
\BOOKMARK [2][-]{subsection.12.3.2}{\376\377\0001\0002\000.\0003\000.\0002\000\040\000Q\000u\000e\000s\000t\000i\000o\000n\000s\000\040\000d\000'\000A\000u\000d\000i\000t}{section.12.3}% 319
\BOOKMARK [1][-]{section.12.4}{\376\377\0001\0002\000.\0004\000\040\000\311\000t\000a\000p\000e\000\040\0003\000\040\000:\000\040\000A\000u\000d\000i\000t\000\040\000d\000e\000\040\000C\000o\000n\000f\000i\000g\000u\000r\000a\000t\000i\000o\000n\000\040\000e\000t\000\040\000V\000u\000l\000n\000\351\000r\000a\000b\000i\000l\000i\000t\000\351\000s}{chapter.12}% 320
\BOOKMARK [2][-]{subsection.12.4.1}{\376\377\0001\0002\000.\0004\000.\0001\000\040\000T\000e\000s\000t\000\040\000d\000e\000\040\000S\000e\000g\000m\000e\000n\000t\000a\000t\000i\000o\000n\000\040\000\050\000B\000y\000p\000a\000s\000s\000\040\000P\000a\000r\000e\000-\000f\000e\000u\000\051}{section.12.4}% 321
\BOOKMARK [2][-]{subsection.12.4.2}{\376\377\0001\0002\000.\0004\000.\0002\000\040\000S\000c\000a\000n\000\040\000d\000e\000\040\000V\000u\000l\000n\000\351\000r\000a\000b\000i\000l\000i\000t\000\351\000s\000\040\000\050\000O\000p\000e\000n\000V\000A\000S\000\040\000/\000\040\000N\000e\000s\000s\000u\000s\000\051}{section.12.4}% 322
\BOOKMARK [1][-]{section.12.5}{\376\377\0001\0002\000.\0005\000\040\000\311\000t\000a\000p\000e\000\040\0004\000\040\000:\000\040\000A\000n\000a\000l\000y\000s\000e\000\040\000d\000e\000s\000\040\000C\000o\000n\000f\000i\000g\000u\000r\000a\000t\000i\000o\000n\000s\000\040\000\050\000H\000a\000r\000d\000e\000n\000i\000n\000g\000\051}{chapter.12}% 323
\BOOKMARK [2][-]{subsection.12.5.1}{\376\377\0001\0002\000.\0005\000.\0001\000\040\000A\000u\000d\000i\000t\000\040\000d\000e\000s\000\040\000C\000o\000m\000p\000t\000e\000s\000\040\000p\000a\000r\000\040\000D\000\351\000f\000a\000u\000t}{section.12.5}% 324
\BOOKMARK [2][-]{subsection.12.5.2}{\376\377\0001\0002\000.\0005\000.\0002\000\040\000A\000u\000d\000i\000t\000\040\000d\000e\000s\000\040\000P\000r\000o\000t\000o\000c\000o\000l\000e\000s}{section.12.5}% 325
\BOOKMARK [1][-]{section.12.6}{\376\377\0001\0002\000.\0006\000\040\000\311\000t\000a\000p\000e\000\040\0005\000\040\000:\000\040\000R\000a\000p\000p\000o\000r\000t\000\040\000d\000'\000A\000u\000d\000i\000t\000\040\000T\000e\000c\000h\000n\000i\000q\000u\000e}{chapter.12}% 326
\BOOKMARK [2][-]{subsection.12.6.1}{\376\377\0001\0002\000.\0006\000.\0001\000\040\000S\000y\000n\000t\000h\000\350\000s\000e\000\040\000d\000e\000s\000\040\000R\000i\000s\000q\000u\000e\000s}{section.12.6}% 327
\BOOKMARK [2][-]{subsection.12.6.2}{\376\377\0001\0002\000.\0006\000.\0002\000\040\000P\000l\000a\000n\000\040\000d\000e\000\040\000R\000e\000m\000\351\000d\000i\000a\000t\000i\000o\000n}{section.12.6}% 328
\BOOKMARK [1][-]{section.12.7}{\376\377\0001\0002\000.\0007\000\040\000L\000i\000v\000r\000a\000b\000l\000e\000s\000\040\000\340\000\040\000R\000e\000n\000d\000r\000e}{chapter.12}% 329
\BOOKMARK [0][-]{chapter*.7}{\376\377\000C\000o\000n\000c\000l\000u\000s\000i\000o\000n\000\040\000G\000\351\000n\000\351\000r\000a\000l\000e}{part.5}% 330
\BOOKMARK [0][-]{chapter*.8}{\376\377\000B\000i\000b\000l\000i\000o\000g\000r\000a\000p\000h\000i\000e\000\040\000e\000t\000\040\000R\000\351\000f\000\351\000r\000e\000n\000c\000e\000s}{part.5}% 331
\BOOKMARK [0][-]{chapter*.8}{\376\377\000I\000n\000d\000e\000x}{part.5}% 332
